2025-05-21 21:01:36.309 [main] ERROR clientUtils.ConnectionManager - Ошибка подключения: Connection refused
2025-05-21 21:01:36.311 [main] WARN  clientUtils.Console - Нет подключения к серверу
2025-05-21 21:01:44.991 [main] DEBUG clientUtils.ConnectionManager - Подключен к серверу по адресу localhost:3333
2025-05-21 21:01:44.992 [main] DEBUG clientUtils.Console - Подключение к серверу
2025-05-21 21:01:49.639 [main] INFO  clientUtils.ConnectionManager - Отправлено на сервер: {"queryType":"AUTHORIZATION","message":"","args":{"username":"фтещт","password":"фтещт"}}
2025-05-21 21:01:49.754 [main] INFO  clientUtils.ConnectionManager - Получено от сервера: {"answerType":"OK","message":"eyJhbGciOiJIUzI1NiJ9.eyJzdWIiOiLRhNGC0LXRidGCIiwiaWF0IjoxNzQ3ODUwNTA5LCJleHAiOjE3NDc5MzY5MDl9.YRrB_pxkXSu_4T-KzH_5XPdKc8KgBl4VLxSIZ1isEHE","receiver":"фтещт"}
2025-05-21 21:01:49.757 [main] DEBUG clientUtils.Console - Отправленный запрос на авторизацию
2025-05-21 21:01:49.757 [main] DEBUG clientUtils.Console - Авторизован
2025-05-21 21:01:49.757 [main] INFO  clientUtils.ConnectionManager - Отправлено на сервер: {"queryType":"DISCHARGE","message":"","args":{"sender":"","password":"щкуо"}}
2025-05-21 21:01:49.759 [main] INFO  clientUtils.ConnectionManager - Получено от сервера: {"answerType":"SYSTEM","message":"{\"commands\":{\"show\":\"Выводит все элементы коллекции\",\"add\":\"Adds a new element into the collection\",\"remove_by_id\":\"Удалить элемент по Id\",\"info\":\"Выводит информацию о коллекции\",\"update_by_id\":\"Обновляет значения элемента с указанным Id\",\"clear\":\"Очистить все элименты Коллекции\",\"filter_by_price\":\"Печатает элементы с указанной ценой\",\"filter_by_unitofmeasure\":\"Выводит элементы с совпадающим UnitOfMeasure\",\"filter_by_creationdate\":\"Группирует по дате создания\",\"remove_greater\":\"Удаляет из коллекции все элементы, размер которых превышает указанный\",\"remove_lower\":\"Удаляет из коллекции все элементы, размер которых превышает указанный\"},\"arguments\":{\"show\":\"{}\",\"add\":\"{\\\"product\\\":\\\"Product\\\"}\",\"remove_by_id\":\"{\\\"id\\\":\\\"Int\\\"}\",\"info\":\"{}\",\"update_by_id\":\"{\\\"id\\\":\\\"Int\\\",\\\"product\\\":\\\"Product\\\"}\",\"clear\":\"{}\",\"filter_by_price\":\"{\\\"price\\\":\\\"Int\\\"}\",\"filter_by_unitofmeasure\":\"{\\\"unitOfMeasure\\\":\\\"UnitOfMeasure\\\"}\",\"filter_by_creationdate\":\"{}\",\"remove_greater\":\"{\\\"product\\\":\\\"Product\\\"}\",\"remove_lower\":\"{\\\"product\\\":\\\"Product\\\"}\"}}","receiver":""}
2025-05-21 21:01:49.759 [main] DEBUG clientUtils.Console - Отправлен запрос на выгрузку
2025-05-21 21:01:49.761 [main] INFO  clientUtils.Console - Получены команды от сервера: [show, add, remove_by_id, info, update_by_id, clear, filter_by_price, filter_by_unitofmeasure, filter_by_creationdate, remove_greater, remove_lower]
2025-05-21 21:01:49.762 [main] DEBUG clientUtils.Console - Выгрузка базовых команд на сервер
2025-05-21 21:01:49.763 [main] INFO  clientUtils.ConnectionManager - Отправлено на сервер: {"queryType":"DISCHARGE","message":"","args":{"sender":"","password":"щкуо"}}
2025-05-21 21:01:49.764 [main] INFO  clientUtils.ConnectionManager - Получено от сервера: {"answerType":"SYSTEM","message":"{\"commands\":{\"show\":\"Выводит все элементы коллекции\",\"add\":\"Adds a new element into the collection\",\"remove_by_id\":\"Удалить элемент по Id\",\"info\":\"Выводит информацию о коллекции\",\"update_by_id\":\"Обновляет значения элемента с указанным Id\",\"clear\":\"Очистить все элименты Коллекции\",\"filter_by_price\":\"Печатает элементы с указанной ценой\",\"filter_by_unitofmeasure\":\"Выводит элементы с совпадающим UnitOfMeasure\",\"filter_by_creationdate\":\"Группирует по дате создания\",\"remove_greater\":\"Удаляет из коллекции все элементы, размер которых превышает указанный\",\"remove_lower\":\"Удаляет из коллекции все элементы, размер которых превышает указанный\"},\"arguments\":{\"show\":\"{}\",\"add\":\"{\\\"product\\\":\\\"Product\\\"}\",\"remove_by_id\":\"{\\\"id\\\":\\\"Int\\\"}\",\"info\":\"{}\",\"update_by_id\":\"{\\\"id\\\":\\\"Int\\\",\\\"product\\\":\\\"Product\\\"}\",\"clear\":\"{}\",\"filter_by_price\":\"{\\\"price\\\":\\\"Int\\\"}\",\"filter_by_unitofmeasure\":\"{\\\"unitOfMeasure\\\":\\\"UnitOfMeasure\\\"}\",\"filter_by_creationdate\":\"{}\",\"remove_greater\":\"{\\\"product\\\":\\\"Product\\\"}\",\"remove_lower\":\"{\\\"product\\\":\\\"Product\\\"}\"}}","receiver":""}
2025-05-21 21:01:49.764 [main] DEBUG clientUtils.Console - Отправлен запрос на выгрузку
2025-05-21 21:01:49.765 [main] INFO  clientUtils.Console - Получены команды от сервера: [show, add, remove_by_id, info, update_by_id, clear, filter_by_price, filter_by_unitofmeasure, filter_by_creationdate, remove_greater, remove_lower]
2025-05-21 21:01:49.765 [main] DEBUG clientUtils.Console - Выгрузка базовых команд на сервер
2025-05-21 21:07:05.498 [main] DEBUG clientUtils.ConnectionManager - Подключен к серверу по адресу localhost:3333
2025-05-21 21:07:05.499 [main] DEBUG clientUtils.Console - Подключение к серверу
2025-05-21 21:07:09.606 [main] INFO  clientUtils.ConnectionManager - Отправлено на сервер: {"queryType":"AUTHORIZATION","message":"","args":{"username":"фтщвоавыт","password":"вдлыствыс"}}
2025-05-21 21:07:38.794 [main] DEBUG clientUtils.ConnectionManager - Подключен к серверу по адресу localhost:3333
2025-05-21 21:07:38.795 [main] DEBUG clientUtils.Console - Подключение к серверу
2025-05-21 21:07:42.568 [main] INFO  clientUtils.ConnectionManager - Отправлено на сервер: {"queryType":"AUTHORIZATION","message":"","args":{"username":"фтеывтовы","password":"лыватыв"}}
2025-05-21 21:11:43.089 [main] ERROR clientUtils.ConnectionManager - Ошибка подключения: Connection refused
2025-05-21 21:11:43.091 [main] WARN  clientUtils.Console - Нет подключения к серверу
2025-05-21 21:11:52.656 [main] DEBUG clientUtils.ConnectionManager - Подключен к серверу по адресу localhost:3333
2025-05-21 21:11:52.658 [main] DEBUG clientUtils.Console - Подключение к серверу
2025-05-21 21:11:54.839 [main] INFO  clientUtils.ConnectionManager - Отправлено на сервер: {"queryType":"AUTHORIZATION","message":"","args":{"username":"вдлрфывас","password":"дывомрывс"}}
2025-05-21 21:17:10.126 [main] DEBUG clientUtils.ConnectionManager - Подключен к серверу по адресу localhost:3333
2025-05-21 21:17:10.127 [main] DEBUG clientUtils.Console - Подключение к серверу
2025-05-21 21:17:15.410 [main] INFO  clientUtils.ConnectionManager - Отправлено на сервер: {"queryType":"AUTHORIZATION","message":"","args":{"username":"anton","password":"anton"}}
2025-05-21 21:17:15.519 [main] INFO  clientUtils.ConnectionManager - Получено от сервера: {"answerType":"OK","message":"eyJhbGciOiJIUzI1NiJ9.eyJzdWIiOiJhbnRvbiIsImlhdCI6MTc0Nzg1MTQzNSwiZXhwIjoxNzQ3OTM3ODM1fQ.VQ017uvmwmpcrBKnvu-eW-LEO5Sj81EEuifMhxeSTOs","receiver":"anton"}
2025-05-21 21:17:15.522 [main] DEBUG clientUtils.Console - Отправленный запрос на авторизацию
2025-05-21 21:17:15.522 [main] DEBUG clientUtils.Console - Авторизован
2025-05-21 21:17:15.524 [main] INFO  clientUtils.ConnectionManager - Отправлено на сервер: {"queryType":"DISCHARGE","message":"","args":{"sender":"","password":"щкуо"}}
2025-05-21 21:17:15.526 [main] INFO  clientUtils.ConnectionManager - Получено от сервера: {"answerType":"SYSTEM","message":"{\"commands\":{\"show\":\"Выводит все элементы коллекции\",\"add\":\"Adds a new element into the collection\",\"remove_by_id\":\"Удалить элемент по Id\",\"info\":\"Выводит информацию о коллекции\",\"update_by_id\":\"Обновляет значения элемента с указанным Id\",\"clear\":\"Очистить все элименты Коллекции\",\"filter_by_price\":\"Печатает элементы с указанной ценой\",\"filter_by_unitofmeasure\":\"Выводит элементы с совпадающим UnitOfMeasure\",\"filter_by_creationdate\":\"Группирует по дате создания\",\"remove_greater\":\"Удаляет из коллекции все элементы, размер которых превышает указанный\",\"remove_lower\":\"Удаляет из коллекции все элементы, размер которых превышает указанный\"},\"arguments\":{\"show\":\"{}\",\"add\":\"{\\\"product\\\":\\\"Product\\\"}\",\"remove_by_id\":\"{\\\"id\\\":\\\"Int\\\"}\",\"info\":\"{}\",\"update_by_id\":\"{\\\"id\\\":\\\"Int\\\",\\\"product\\\":\\\"Product\\\"}\",\"clear\":\"{}\",\"filter_by_price\":\"{\\\"price\\\":\\\"Int\\\"}\",\"filter_by_unitofmeasure\":\"{\\\"unitOfMeasure\\\":\\\"UnitOfMeasure\\\"}\",\"filter_by_creationdate\":\"{}\",\"remove_greater\":\"{\\\"product\\\":\\\"Product\\\"}\",\"remove_lower\":\"{\\\"product\\\":\\\"Product\\\"}\"}}","receiver":""}
2025-05-21 21:17:15.527 [main] DEBUG clientUtils.Console - Отправлен запрос на выгрузку
2025-05-21 21:17:15.528 [main] INFO  clientUtils.Console - Получены команды от сервера: [show, add, remove_by_id, info, update_by_id, clear, filter_by_price, filter_by_unitofmeasure, filter_by_creationdate, remove_greater, remove_lower]
2025-05-21 21:17:15.530 [main] DEBUG clientUtils.Console - Выгрузка базовых команд на сервер
2025-05-21 21:17:15.530 [main] INFO  clientUtils.ConnectionManager - Отправлено на сервер: {"queryType":"DISCHARGE","message":"","args":{"sender":"","password":"щкуо"}}
2025-05-21 21:17:15.531 [main] INFO  clientUtils.ConnectionManager - Получено от сервера: {"answerType":"SYSTEM","message":"{\"commands\":{\"show\":\"Выводит все элементы коллекции\",\"add\":\"Adds a new element into the collection\",\"remove_by_id\":\"Удалить элемент по Id\",\"info\":\"Выводит информацию о коллекции\",\"update_by_id\":\"Обновляет значения элемента с указанным Id\",\"clear\":\"Очистить все элименты Коллекции\",\"filter_by_price\":\"Печатает элементы с указанной ценой\",\"filter_by_unitofmeasure\":\"Выводит элементы с совпадающим UnitOfMeasure\",\"filter_by_creationdate\":\"Группирует по дате создания\",\"remove_greater\":\"Удаляет из коллекции все элементы, размер которых превышает указанный\",\"remove_lower\":\"Удаляет из коллекции все элементы, размер которых превышает указанный\"},\"arguments\":{\"show\":\"{}\",\"add\":\"{\\\"product\\\":\\\"Product\\\"}\",\"remove_by_id\":\"{\\\"id\\\":\\\"Int\\\"}\",\"info\":\"{}\",\"update_by_id\":\"{\\\"id\\\":\\\"Int\\\",\\\"product\\\":\\\"Product\\\"}\",\"clear\":\"{}\",\"filter_by_price\":\"{\\\"price\\\":\\\"Int\\\"}\",\"filter_by_unitofmeasure\":\"{\\\"unitOfMeasure\\\":\\\"UnitOfMeasure\\\"}\",\"filter_by_creationdate\":\"{}\",\"remove_greater\":\"{\\\"product\\\":\\\"Product\\\"}\",\"remove_lower\":\"{\\\"product\\\":\\\"Product\\\"}\"}}","receiver":""}
2025-05-21 21:17:15.532 [main] DEBUG clientUtils.Console - Отправлен запрос на выгрузку
2025-05-21 21:17:15.532 [main] INFO  clientUtils.Console - Получены команды от сервера: [show, add, remove_by_id, info, update_by_id, clear, filter_by_price, filter_by_unitofmeasure, filter_by_creationdate, remove_greater, remove_lower]
2025-05-21 21:17:15.532 [main] DEBUG clientUtils.Console - Выгрузка базовых команд на сервер
2025-05-21 21:17:30.227 [main] INFO  clientUtils.ConnectionManager - Отправлено на сервер: {"queryType":"COMMAND_READ","message":"add","args":{"sender":"","token":"eyJhbGciOiJIUzI1NiJ9.eyJzdWIiOiJhbnRvbiIsImlhdCI6MTc0Nzg1MTQzNSwiZXhwIjoxNzQ3OTM3ODM1fQ.VQ017uvmwmpcrBKnvu-eW-LEO5Sj81EEuifMhxeSTOs","product":"{\"id\":1947245215,\"name\":\"12\",\"coordinates\":{\"x\":12,\"y\":12.0},\"price\":12,\"unitOfMeasure\":\"MILLIGRAMS\",\"manufacturer\":{\"id\":-200239271,\"name\":\"12\",\"employeesCount\":12,\"type\":\"PRIVATE_LIMITED_COMPANY\"}}"}}
2025-05-21 21:17:30.249 [main] INFO  clientUtils.ConnectionManager - Получено от сервера: {"answerType":"ERROR","message":"exceptions.InvalidArgumentException: Были введены неверные аргументы. Используйте команду HELP для проверки","receiver":""}
2025-05-21 21:19:39.175 [main] DEBUG clientUtils.ConnectionManager - Подключен к серверу по адресу localhost:3333
2025-05-21 21:19:39.177 [main] DEBUG clientUtils.Console - Подключение к серверу
2025-05-21 21:19:53.403 [main] INFO  clientUtils.ConnectionManager - Отправлено на сервер: {"queryType":"AUTHORIZATION","message":"","args":{"username":"anton","password":"anton"}}
2025-05-21 21:19:53.512 [main] INFO  clientUtils.ConnectionManager - Получено от сервера: {"answerType":"OK","message":"eyJhbGciOiJIUzI1NiJ9.eyJzdWIiOiJhbnRvbiIsImlhdCI6MTc0Nzg1MTU5MywiZXhwIjoxNzQ3OTM3OTkzfQ.wIy12Y1CYcTAwtpai7p3HEQkKFk5mbRpc5hw7XA1IQA","receiver":"anton"}
2025-05-21 21:19:53.515 [main] DEBUG clientUtils.Console - Отправленный запрос на авторизацию
2025-05-21 21:19:53.515 [main] DEBUG clientUtils.Console - Авторизован
2025-05-21 21:19:53.517 [main] INFO  clientUtils.ConnectionManager - Отправлено на сервер: {"queryType":"DISCHARGE","message":"","args":{"sender":"","password":"щкуо"}}
2025-05-21 21:19:53.519 [main] INFO  clientUtils.ConnectionManager - Получено от сервера: {"answerType":"SYSTEM","message":"{\"commands\":{\"show\":\"Выводит все элементы коллекции\",\"add\":\"Adds a new element into the collection\",\"remove_by_id\":\"Удалить элемент по Id\",\"info\":\"Выводит информацию о коллекции\",\"update_by_id\":\"Обновляет значения элемента с указанным Id\",\"clear\":\"Очистить все элименты Коллекции\",\"filter_by_price\":\"Печатает элементы с указанной ценой\",\"filter_by_unitofmeasure\":\"Выводит элементы с совпадающим UnitOfMeasure\",\"filter_by_creationdate\":\"Группирует по дате создания\",\"remove_greater\":\"Удаляет из коллекции все элементы, размер которых превышает указанный\",\"remove_lower\":\"Удаляет из коллекции все элементы, размер которых превышает указанный\"},\"arguments\":{\"show\":\"{}\",\"add\":\"{\\\"product\\\":\\\"Product\\\"}\",\"remove_by_id\":\"{\\\"id\\\":\\\"Int\\\"}\",\"info\":\"{}\",\"update_by_id\":\"{\\\"id\\\":\\\"Int\\\",\\\"product\\\":\\\"Product\\\"}\",\"clear\":\"{}\",\"filter_by_price\":\"{\\\"price\\\":\\\"Int\\\"}\",\"filter_by_unitofmeasure\":\"{\\\"unitOfMeasure\\\":\\\"UnitOfMeasure\\\"}\",\"filter_by_creationdate\":\"{}\",\"remove_greater\":\"{\\\"product\\\":\\\"Product\\\"}\",\"remove_lower\":\"{\\\"product\\\":\\\"Product\\\"}\"}}","receiver":""}
2025-05-21 21:19:53.520 [main] DEBUG clientUtils.Console - Отправлен запрос на выгрузку
2025-05-21 21:19:53.521 [main] INFO  clientUtils.Console - Получены команды от сервера: [show, add, remove_by_id, info, update_by_id, clear, filter_by_price, filter_by_unitofmeasure, filter_by_creationdate, remove_greater, remove_lower]
2025-05-21 21:19:53.523 [main] DEBUG clientUtils.Console - Выгрузка базовых команд на сервер
2025-05-21 21:19:53.523 [main] INFO  clientUtils.ConnectionManager - Отправлено на сервер: {"queryType":"DISCHARGE","message":"","args":{"sender":"","password":"щкуо"}}
2025-05-21 21:19:53.524 [main] INFO  clientUtils.ConnectionManager - Получено от сервера: {"answerType":"SYSTEM","message":"{\"commands\":{\"show\":\"Выводит все элементы коллекции\",\"add\":\"Adds a new element into the collection\",\"remove_by_id\":\"Удалить элемент по Id\",\"info\":\"Выводит информацию о коллекции\",\"update_by_id\":\"Обновляет значения элемента с указанным Id\",\"clear\":\"Очистить все элименты Коллекции\",\"filter_by_price\":\"Печатает элементы с указанной ценой\",\"filter_by_unitofmeasure\":\"Выводит элементы с совпадающим UnitOfMeasure\",\"filter_by_creationdate\":\"Группирует по дате создания\",\"remove_greater\":\"Удаляет из коллекции все элементы, размер которых превышает указанный\",\"remove_lower\":\"Удаляет из коллекции все элементы, размер которых превышает указанный\"},\"arguments\":{\"show\":\"{}\",\"add\":\"{\\\"product\\\":\\\"Product\\\"}\",\"remove_by_id\":\"{\\\"id\\\":\\\"Int\\\"}\",\"info\":\"{}\",\"update_by_id\":\"{\\\"id\\\":\\\"Int\\\",\\\"product\\\":\\\"Product\\\"}\",\"clear\":\"{}\",\"filter_by_price\":\"{\\\"price\\\":\\\"Int\\\"}\",\"filter_by_unitofmeasure\":\"{\\\"unitOfMeasure\\\":\\\"UnitOfMeasure\\\"}\",\"filter_by_creationdate\":\"{}\",\"remove_greater\":\"{\\\"product\\\":\\\"Product\\\"}\",\"remove_lower\":\"{\\\"product\\\":\\\"Product\\\"}\"}}","receiver":""}
2025-05-21 21:19:53.525 [main] DEBUG clientUtils.Console - Отправлен запрос на выгрузку
2025-05-21 21:19:53.525 [main] INFO  clientUtils.Console - Получены команды от сервера: [show, add, remove_by_id, info, update_by_id, clear, filter_by_price, filter_by_unitofmeasure, filter_by_creationdate, remove_greater, remove_lower]
2025-05-21 21:19:53.525 [main] DEBUG clientUtils.Console - Выгрузка базовых команд на сервер
2025-05-21 21:20:07.908 [main] INFO  clientUtils.ConnectionManager - Отправлено на сервер: {"queryType":"COMMAND_READ","message":"add","args":{"sender":"","token":"eyJhbGciOiJIUzI1NiJ9.eyJzdWIiOiJhbnRvbiIsImlhdCI6MTc0Nzg1MTU5MywiZXhwIjoxNzQ3OTM3OTkzfQ.wIy12Y1CYcTAwtpai7p3HEQkKFk5mbRpc5hw7XA1IQA","product":"{\"id\":1947402896,\"name\":\"12\",\"coordinates\":{\"x\":12,\"y\":12.0},\"price\":12,\"unitOfMeasure\":\"MILLIGRAMS\",\"manufacturer\":{\"id\":-200081587,\"name\":\"12\",\"employeesCount\":12,\"type\":\"GOVERNMENT\"}}"}}
2025-05-21 21:20:07.930 [main] INFO  clientUtils.ConnectionManager - Получено от сервера: {"answerType":"ERROR","message":"exceptions.InvalidArgumentException: Были введены неверные аргументы. Используйте команду HELP для проверки{sender=, token=eyJhbGciOiJIUzI1NiJ9.eyJzdWIiOiJhbnRvbiIsImlhdCI6MTc0Nzg1MTU5MywiZXhwIjoxNzQ3OTM3OTkzfQ.wIy12Y1CYcTAwtpai7p3HEQkKFk5mbRpc5hw7XA1IQA, product={\"id\":1947402896,\"name\":\"12\",\"coordinates\":{\"x\":12,\"y\":12.0},\"price\":12,\"unitOfMeasure\":\"MILLIGRAMS\",\"manufacturer\":{\"id\":-200081587,\"name\":\"12\",\"employeesCount\":12,\"type\":\"GOVERNMENT\"}}}","receiver":""}
2025-05-21 21:31:17.189 [main] DEBUG clientUtils.ConnectionManager - Подключен к серверу по адресу localhost:3333
2025-05-21 21:31:17.190 [main] DEBUG clientUtils.Console - Подключение к серверу
2025-05-21 21:31:24.859 [main] INFO  clientUtils.ConnectionManager - Отправлено на сервер: {"queryType":"AUTHORIZATION","message":"","args":{"username":"anton","password":"anton"}}
2025-05-21 21:31:24.975 [main] INFO  clientUtils.ConnectionManager - Получено от сервера: {"answerType":"OK","message":"eyJhbGciOiJIUzI1NiJ9.eyJzdWIiOiJhbnRvbiIsImlhdCI6MTc0Nzg1MjI4NCwiZXhwIjoxNzQ3OTM4Njg0fQ.ZuefQSTa13sMrWJmUoTJzN800upSYGctZA45IUi7TtA","receiver":"anton"}
2025-05-21 21:31:24.978 [main] DEBUG clientUtils.Console - Отправленный запрос на авторизацию
2025-05-21 21:31:24.978 [main] DEBUG clientUtils.Console - Авторизован
2025-05-21 21:31:24.981 [main] INFO  clientUtils.ConnectionManager - Отправлено на сервер: {"queryType":"DISCHARGE","message":"","args":{"sender":"","password":"щкуо"}}
2025-05-21 21:31:24.982 [main] INFO  clientUtils.ConnectionManager - Получено от сервера: {"answerType":"SYSTEM","message":"{\"commands\":{\"show\":\"Выводит все элементы коллекции\",\"add\":\"Adds a new element into the collection\",\"remove_by_id\":\"Удалить элемент по Id\",\"info\":\"Выводит информацию о коллекции\",\"update_by_id\":\"Обновляет значения элемента с указанным Id\",\"clear\":\"Очистить все элименты Коллекции\",\"filter_by_price\":\"Печатает элементы с указанной ценой\",\"filter_by_unitofmeasure\":\"Выводит элементы с совпадающим UnitOfMeasure\",\"filter_by_creationdate\":\"Группирует по дате создания\",\"remove_greater\":\"Удаляет из коллекции все элементы, размер которых превышает указанный\",\"remove_lower\":\"Удаляет из коллекции все элементы, размер которых превышает указанный\"},\"arguments\":{\"show\":\"{}\",\"add\":\"{\\\"product\\\":\\\"Product\\\"}\",\"remove_by_id\":\"{\\\"id\\\":\\\"Int\\\"}\",\"info\":\"{}\",\"update_by_id\":\"{\\\"id\\\":\\\"Int\\\",\\\"product\\\":\\\"Product\\\"}\",\"clear\":\"{}\",\"filter_by_price\":\"{\\\"price\\\":\\\"Int\\\"}\",\"filter_by_unitofmeasure\":\"{\\\"unitOfMeasure\\\":\\\"UnitOfMeasure\\\"}\",\"filter_by_creationdate\":\"{}\",\"remove_greater\":\"{\\\"product\\\":\\\"Product\\\"}\",\"remove_lower\":\"{\\\"product\\\":\\\"Product\\\"}\"}}","receiver":""}
2025-05-21 21:31:24.983 [main] DEBUG clientUtils.Console - Отправлен запрос на выгрузку
2025-05-21 21:31:24.984 [main] INFO  clientUtils.Console - Получены команды от сервера: [show, add, remove_by_id, info, update_by_id, clear, filter_by_price, filter_by_unitofmeasure, filter_by_creationdate, remove_greater, remove_lower]
2025-05-21 21:31:24.985 [main] DEBUG clientUtils.Console - Выгрузка базовых команд на сервер
2025-05-21 21:31:24.986 [main] INFO  clientUtils.ConnectionManager - Отправлено на сервер: {"queryType":"DISCHARGE","message":"","args":{"sender":"","password":"щкуо"}}
2025-05-21 21:31:24.987 [main] INFO  clientUtils.ConnectionManager - Получено от сервера: {"answerType":"SYSTEM","message":"{\"commands\":{\"show\":\"Выводит все элементы коллекции\",\"add\":\"Adds a new element into the collection\",\"remove_by_id\":\"Удалить элемент по Id\",\"info\":\"Выводит информацию о коллекции\",\"update_by_id\":\"Обновляет значения элемента с указанным Id\",\"clear\":\"Очистить все элименты Коллекции\",\"filter_by_price\":\"Печатает элементы с указанной ценой\",\"filter_by_unitofmeasure\":\"Выводит элементы с совпадающим UnitOfMeasure\",\"filter_by_creationdate\":\"Группирует по дате создания\",\"remove_greater\":\"Удаляет из коллекции все элементы, размер которых превышает указанный\",\"remove_lower\":\"Удаляет из коллекции все элементы, размер которых превышает указанный\"},\"arguments\":{\"show\":\"{}\",\"add\":\"{\\\"product\\\":\\\"Product\\\"}\",\"remove_by_id\":\"{\\\"id\\\":\\\"Int\\\"}\",\"info\":\"{}\",\"update_by_id\":\"{\\\"id\\\":\\\"Int\\\",\\\"product\\\":\\\"Product\\\"}\",\"clear\":\"{}\",\"filter_by_price\":\"{\\\"price\\\":\\\"Int\\\"}\",\"filter_by_unitofmeasure\":\"{\\\"unitOfMeasure\\\":\\\"UnitOfMeasure\\\"}\",\"filter_by_creationdate\":\"{}\",\"remove_greater\":\"{\\\"product\\\":\\\"Product\\\"}\",\"remove_lower\":\"{\\\"product\\\":\\\"Product\\\"}\"}}","receiver":""}
2025-05-21 21:31:24.987 [main] DEBUG clientUtils.Console - Отправлен запрос на выгрузку
2025-05-21 21:31:24.987 [main] INFO  clientUtils.Console - Получены команды от сервера: [show, add, remove_by_id, info, update_by_id, clear, filter_by_price, filter_by_unitofmeasure, filter_by_creationdate, remove_greater, remove_lower]
2025-05-21 21:31:24.987 [main] DEBUG clientUtils.Console - Выгрузка базовых команд на сервер
2025-05-21 21:31:37.301 [main] INFO  clientUtils.ConnectionManager - Отправлено на сервер: {"queryType":"COMMAND_READ","message":"add","args":{"sender":"","token":"eyJhbGciOiJIUzI1NiJ9.eyJzdWIiOiJhbnRvbiIsImlhdCI6MTc0Nzg1MjI4NCwiZXhwIjoxNzQ3OTM4Njg0fQ.ZuefQSTa13sMrWJmUoTJzN800upSYGctZA45IUi7TtA","product":"{\"name\":\"12\",\"coordinates\":{\"x\":12,\"y\":12.0},\"price\":12,\"unitOfMeasure\":\"MILLIGRAMS\",\"manufacturer\":{\"id\":-199392194,\"name\":\"12\",\"employeesCount\":12,\"type\":\"PRIVATE_LIMITED_COMPANY\"}}"}}
2025-05-21 21:31:37.322 [main] INFO  clientUtils.ConnectionManager - Получено от сервера: {"answerType":"ERROR","message":"exceptions.InvalidArgumentException: Были введены неверные аргументы. Используйте команду HELP для проверки{sender=, token=eyJhbGciOiJIUzI1NiJ9.eyJzdWIiOiJhbnRvbiIsImlhdCI6MTc0Nzg1MjI4NCwiZXhwIjoxNzQ3OTM4Njg0fQ.ZuefQSTa13sMrWJmUoTJzN800upSYGctZA45IUi7TtA, product={\"name\":\"12\",\"coordinates\":{\"x\":12,\"y\":12.0},\"price\":12,\"unitOfMeasure\":\"MILLIGRAMS\",\"manufacturer\":{\"id\":-199392194,\"name\":\"12\",\"employeesCount\":12,\"type\":\"PRIVATE_LIMITED_COMPANY\"}}}","receiver":""}
2025-05-21 21:40:11.411 [main] DEBUG clientUtils.ConnectionManager - Подключен к серверу по адресу localhost:3333
2025-05-21 21:40:11.412 [main] DEBUG clientUtils.Console - Подключение к серверу
2025-05-21 21:40:15.544 [main] INFO  clientUtils.ConnectionManager - Отправлено на сервер: {"queryType":"AUTHORIZATION","message":"","args":{"username":"anton","password":"anton"}}
2025-05-21 21:40:15.650 [main] INFO  clientUtils.ConnectionManager - Получено от сервера: {"answerType":"OK","message":"eyJhbGciOiJIUzI1NiJ9.eyJzdWIiOiJhbnRvbiIsImlhdCI6MTc0Nzg1MjgxNSwiZXhwIjoxNzQ3OTM5MjE1fQ.JWZ7kkWp5WSLas6L1z5zW9LbDihNf3iLJii8-W820wY","receiver":"anton"}
2025-05-21 21:40:15.653 [main] DEBUG clientUtils.Console - Отправленный запрос на авторизацию
2025-05-21 21:40:15.653 [main] DEBUG clientUtils.Console - Авторизован
2025-05-21 21:40:15.656 [main] INFO  clientUtils.ConnectionManager - Отправлено на сервер: {"queryType":"DISCHARGE","message":"","args":{"sender":"","password":"щкуо"}}
2025-05-21 21:40:15.657 [main] INFO  clientUtils.ConnectionManager - Получено от сервера: {"answerType":"SYSTEM","message":"{\"commands\":{\"show\":\"Выводит все элементы коллекции\",\"add\":\"Adds a new element into the collection\",\"remove_by_id\":\"Удалить элемент по Id\",\"info\":\"Выводит информацию о коллекции\",\"update_by_id\":\"Обновляет значения элемента с указанным Id\",\"clear\":\"Очистить все элименты Коллекции\",\"filter_by_price\":\"Печатает элементы с указанной ценой\",\"filter_by_unitofmeasure\":\"Выводит элементы с совпадающим UnitOfMeasure\",\"filter_by_creationdate\":\"Группирует по дате создания\",\"remove_greater\":\"Удаляет из коллекции все элементы, размер которых превышает указанный\",\"remove_lower\":\"Удаляет из коллекции все элементы, размер которых превышает указанный\"},\"arguments\":{\"show\":\"{}\",\"add\":\"{\\\"product\\\":\\\"Product\\\"}\",\"remove_by_id\":\"{\\\"id\\\":\\\"Int\\\"}\",\"info\":\"{}\",\"update_by_id\":\"{\\\"id\\\":\\\"Int\\\",\\\"product\\\":\\\"Product\\\"}\",\"clear\":\"{}\",\"filter_by_price\":\"{\\\"price\\\":\\\"Int\\\"}\",\"filter_by_unitofmeasure\":\"{\\\"unitOfMeasure\\\":\\\"UnitOfMeasure\\\"}\",\"filter_by_creationdate\":\"{}\",\"remove_greater\":\"{\\\"product\\\":\\\"Product\\\"}\",\"remove_lower\":\"{\\\"product\\\":\\\"Product\\\"}\"}}","receiver":""}
2025-05-21 21:40:15.658 [main] DEBUG clientUtils.Console - Отправлен запрос на выгрузку
2025-05-21 21:40:15.659 [main] INFO  clientUtils.Console - Получены команды от сервера: [show, add, remove_by_id, info, update_by_id, clear, filter_by_price, filter_by_unitofmeasure, filter_by_creationdate, remove_greater, remove_lower]
2025-05-21 21:40:15.660 [main] DEBUG clientUtils.Console - Выгрузка базовых команд на сервер
2025-05-21 21:40:15.660 [main] INFO  clientUtils.ConnectionManager - Отправлено на сервер: {"queryType":"DISCHARGE","message":"","args":{"sender":"","password":"щкуо"}}
2025-05-21 21:40:15.661 [main] INFO  clientUtils.ConnectionManager - Получено от сервера: {"answerType":"SYSTEM","message":"{\"commands\":{\"show\":\"Выводит все элементы коллекции\",\"add\":\"Adds a new element into the collection\",\"remove_by_id\":\"Удалить элемент по Id\",\"info\":\"Выводит информацию о коллекции\",\"update_by_id\":\"Обновляет значения элемента с указанным Id\",\"clear\":\"Очистить все элименты Коллекции\",\"filter_by_price\":\"Печатает элементы с указанной ценой\",\"filter_by_unitofmeasure\":\"Выводит элементы с совпадающим UnitOfMeasure\",\"filter_by_creationdate\":\"Группирует по дате создания\",\"remove_greater\":\"Удаляет из коллекции все элементы, размер которых превышает указанный\",\"remove_lower\":\"Удаляет из коллекции все элементы, размер которых превышает указанный\"},\"arguments\":{\"show\":\"{}\",\"add\":\"{\\\"product\\\":\\\"Product\\\"}\",\"remove_by_id\":\"{\\\"id\\\":\\\"Int\\\"}\",\"info\":\"{}\",\"update_by_id\":\"{\\\"id\\\":\\\"Int\\\",\\\"product\\\":\\\"Product\\\"}\",\"clear\":\"{}\",\"filter_by_price\":\"{\\\"price\\\":\\\"Int\\\"}\",\"filter_by_unitofmeasure\":\"{\\\"unitOfMeasure\\\":\\\"UnitOfMeasure\\\"}\",\"filter_by_creationdate\":\"{}\",\"remove_greater\":\"{\\\"product\\\":\\\"Product\\\"}\",\"remove_lower\":\"{\\\"product\\\":\\\"Product\\\"}\"}}","receiver":""}
2025-05-21 21:40:15.662 [main] DEBUG clientUtils.Console - Отправлен запрос на выгрузку
2025-05-21 21:40:15.662 [main] INFO  clientUtils.Console - Получены команды от сервера: [show, add, remove_by_id, info, update_by_id, clear, filter_by_price, filter_by_unitofmeasure, filter_by_creationdate, remove_greater, remove_lower]
2025-05-21 21:40:15.662 [main] DEBUG clientUtils.Console - Выгрузка базовых команд на сервер
2025-05-21 21:40:25.941 [main] INFO  clientUtils.ConnectionManager - Отправлено на сервер: {"queryType":"COMMAND_READ","message":"add","args":{"sender":"","product":"{\"name\":\"12\",\"coordinates\":{\"x\":12,\"y\":12.0},\"price\":12,\"unitOfMeasure\":\"MILLIGRAMS\",\"manufacturer\":{\"id\":-198863551,\"name\":\"12\",\"employeesCount\":12,\"type\":\"PRIVATE_LIMITED_COMPANY\"}}"},"token":"eyJhbGciOiJIUzI1NiJ9.eyJzdWIiOiJhbnRvbiIsImlhdCI6MTc0Nzg1MjgxNSwiZXhwIjoxNzQ3OTM5MjE1fQ.JWZ7kkWp5WSLas6L1z5zW9LbDihNf3iLJii8-W820wY"}
2025-05-21 21:40:25.988 [main] INFO  clientUtils.ConnectionManager - Получено от сервера: {"answerType":"OK","message":"Product 12 был создан и добавлен в коллекцию","receiver":""}
2025-05-21 21:40:28.504 [main] INFO  clientUtils.ConnectionManager - Отправлено на сервер: {"queryType":"COMMAND_READ","message":"show","args":{"sender":""},"token":"eyJhbGciOiJIUzI1NiJ9.eyJzdWIiOiJhbnRvbiIsImlhdCI6MTc0Nzg1MjgxNSwiZXhwIjoxNzQ3OTM5MjE1fQ.JWZ7kkWp5WSLas6L1z5zW9LbDihNf3iLJii8-W820wY"}
2025-05-21 21:40:28.509 [main] INFO  clientUtils.ConnectionManager - Получено от сервера: {"answerType":"OK","message":"17=Product(\n  id=17,\n  name=12,\n  coordinates=Coordinates(x=12, y=12.0),\n  creationDate=2025-05-20,\n  price=12,\n  unitOfMeasure=MILLIGRAMS,\n  manufacturer=Organization(id=-198882986, name=12, employeesCount=12, type=PRIVATE_LIMITED_COMPANY)\n)\n18=Product(\n  id=18,\n  name=12,\n  coordinates=Coordinates(x=12, y=12.0),\n  creationDate=2025-05-21,\n  price=12,\n  unitOfMeasure=MILLIGRAMS,\n  manufacturer=Organization(id=-198863551, name=12, employeesCount=12, type=PRIVATE_LIMITED_COMPANY)\n)","receiver":""}
2025-05-21 21:40:37.141 [main] DEBUG clientUtils.ConnectionManager - Подключен к серверу по адресу localhost:3333
2025-05-21 21:40:37.142 [main] DEBUG clientUtils.Console - Подключение к серверу
2025-05-21 21:40:44.715 [main] INFO  clientUtils.ConnectionManager - Отправлено на сервер: {"queryType":"AUTHORIZATION","message":"","args":{"username":"admin","password":"admin"}}
2025-05-21 21:40:44.734 [main] INFO  clientUtils.ConnectionManager - Получено от сервера: {"answerType":"OK","message":"eyJhbGciOiJIUzI1NiJ9.eyJzdWIiOiJhZG1pbiIsImlhdCI6MTc0Nzg1Mjg0NCwiZXhwIjoxNzQ3OTM5MjQ0fQ.52GFmR6tLl8cVTeiTmG8Sr9visrv8vgDVkk4-9UvwhM","receiver":"admin"}
2025-05-21 21:40:44.738 [main] DEBUG clientUtils.Console - Отправленный запрос на авторизацию
2025-05-21 21:40:44.738 [main] DEBUG clientUtils.Console - Авторизован
2025-05-21 21:40:44.741 [main] INFO  clientUtils.ConnectionManager - Отправлено на сервер: {"queryType":"DISCHARGE","message":"","args":{"sender":"","password":"щкуо"}}
2025-05-21 21:40:44.742 [main] INFO  clientUtils.ConnectionManager - Получено от сервера: {"answerType":"SYSTEM","message":"{\"commands\":{\"show\":\"Выводит все элементы коллекции\",\"add\":\"Adds a new element into the collection\",\"remove_by_id\":\"Удалить элемент по Id\",\"info\":\"Выводит информацию о коллекции\",\"update_by_id\":\"Обновляет значения элемента с указанным Id\",\"clear\":\"Очистить все элименты Коллекции\",\"filter_by_price\":\"Печатает элементы с указанной ценой\",\"filter_by_unitofmeasure\":\"Выводит элементы с совпадающим UnitOfMeasure\",\"filter_by_creationdate\":\"Группирует по дате создания\",\"remove_greater\":\"Удаляет из коллекции все элементы, размер которых превышает указанный\",\"remove_lower\":\"Удаляет из коллекции все элементы, размер которых превышает указанный\"},\"arguments\":{\"show\":\"{}\",\"add\":\"{\\\"product\\\":\\\"Product\\\"}\",\"remove_by_id\":\"{\\\"id\\\":\\\"Int\\\"}\",\"info\":\"{}\",\"update_by_id\":\"{\\\"id\\\":\\\"Int\\\",\\\"product\\\":\\\"Product\\\"}\",\"clear\":\"{}\",\"filter_by_price\":\"{\\\"price\\\":\\\"Int\\\"}\",\"filter_by_unitofmeasure\":\"{\\\"unitOfMeasure\\\":\\\"UnitOfMeasure\\\"}\",\"filter_by_creationdate\":\"{}\",\"remove_greater\":\"{\\\"product\\\":\\\"Product\\\"}\",\"remove_lower\":\"{\\\"product\\\":\\\"Product\\\"}\"}}","receiver":""}
2025-05-21 21:40:44.743 [main] DEBUG clientUtils.Console - Отправлен запрос на выгрузку
2025-05-21 21:40:44.744 [main] INFO  clientUtils.Console - Получены команды от сервера: [show, add, remove_by_id, info, update_by_id, clear, filter_by_price, filter_by_unitofmeasure, filter_by_creationdate, remove_greater, remove_lower]
2025-05-21 21:40:44.745 [main] DEBUG clientUtils.Console - Выгрузка базовых команд на сервер
2025-05-21 21:40:44.746 [main] INFO  clientUtils.ConnectionManager - Отправлено на сервер: {"queryType":"DISCHARGE","message":"","args":{"sender":"","password":"щкуо"}}
2025-05-21 21:40:44.747 [main] INFO  clientUtils.ConnectionManager - Получено от сервера: {"answerType":"SYSTEM","message":"{\"commands\":{\"show\":\"Выводит все элементы коллекции\",\"add\":\"Adds a new element into the collection\",\"remove_by_id\":\"Удалить элемент по Id\",\"info\":\"Выводит информацию о коллекции\",\"update_by_id\":\"Обновляет значения элемента с указанным Id\",\"clear\":\"Очистить все элименты Коллекции\",\"filter_by_price\":\"Печатает элементы с указанной ценой\",\"filter_by_unitofmeasure\":\"Выводит элементы с совпадающим UnitOfMeasure\",\"filter_by_creationdate\":\"Группирует по дате создания\",\"remove_greater\":\"Удаляет из коллекции все элементы, размер которых превышает указанный\",\"remove_lower\":\"Удаляет из коллекции все элементы, размер которых превышает указанный\"},\"arguments\":{\"show\":\"{}\",\"add\":\"{\\\"product\\\":\\\"Product\\\"}\",\"remove_by_id\":\"{\\\"id\\\":\\\"Int\\\"}\",\"info\":\"{}\",\"update_by_id\":\"{\\\"id\\\":\\\"Int\\\",\\\"product\\\":\\\"Product\\\"}\",\"clear\":\"{}\",\"filter_by_price\":\"{\\\"price\\\":\\\"Int\\\"}\",\"filter_by_unitofmeasure\":\"{\\\"unitOfMeasure\\\":\\\"UnitOfMeasure\\\"}\",\"filter_by_creationdate\":\"{}\",\"remove_greater\":\"{\\\"product\\\":\\\"Product\\\"}\",\"remove_lower\":\"{\\\"product\\\":\\\"Product\\\"}\"}}","receiver":""}
2025-05-21 21:40:44.747 [main] DEBUG clientUtils.Console - Отправлен запрос на выгрузку
2025-05-21 21:40:44.747 [main] INFO  clientUtils.Console - Получены команды от сервера: [show, add, remove_by_id, info, update_by_id, clear, filter_by_price, filter_by_unitofmeasure, filter_by_creationdate, remove_greater, remove_lower]
2025-05-21 21:40:44.748 [main] DEBUG clientUtils.Console - Выгрузка базовых команд на сервер
2025-05-21 21:40:47.107 [main] INFO  clientUtils.ConnectionManager - Отправлено на сервер: {"queryType":"COMMAND_READ","message":"show","args":{"sender":""},"token":"eyJhbGciOiJIUzI1NiJ9.eyJzdWIiOiJhZG1pbiIsImlhdCI6MTc0Nzg1Mjg0NCwiZXhwIjoxNzQ3OTM5MjQ0fQ.52GFmR6tLl8cVTeiTmG8Sr9visrv8vgDVkk4-9UvwhM"}
2025-05-21 21:40:47.112 [main] INFO  clientUtils.ConnectionManager - Получено от сервера: {"answerType":"OK","message":"17=Product(\n  id=17,\n  name=12,\n  coordinates=Coordinates(x=12, y=12.0),\n  creationDate=2025-05-20,\n  price=12,\n  unitOfMeasure=MILLIGRAMS,\n  manufacturer=Organization(id=-198882986, name=12, employeesCount=12, type=PRIVATE_LIMITED_COMPANY)\n)\n18=Product(\n  id=18,\n  name=12,\n  coordinates=Coordinates(x=12, y=12.0),\n  creationDate=2025-05-21,\n  price=12,\n  unitOfMeasure=MILLIGRAMS,\n  manufacturer=Organization(id=-198863551, name=12, employeesCount=12, type=PRIVATE_LIMITED_COMPANY)\n)","receiver":""}
2025-05-21 21:40:50.202 [main] INFO  clientUtils.ConnectionManager - Отправлено на сервер: {"queryType":"COMMAND_READ","message":"clear","args":{"sender":""},"token":"eyJhbGciOiJIUzI1NiJ9.eyJzdWIiOiJhZG1pbiIsImlhdCI6MTc0Nzg1Mjg0NCwiZXhwIjoxNzQ3OTM5MjQ0fQ.52GFmR6tLl8cVTeiTmG8Sr9visrv8vgDVkk4-9UvwhM"}
2025-05-21 21:40:50.229 [main] INFO  clientUtils.ConnectionManager - Получено от сервера: {"answerType":"OK","message":"Коллекция была очищена","receiver":""}
2025-05-21 21:40:52.340 [main] INFO  clientUtils.ConnectionManager - Отправлено на сервер: {"queryType":"COMMAND_READ","message":"show","args":{"sender":""},"token":"eyJhbGciOiJIUzI1NiJ9.eyJzdWIiOiJhZG1pbiIsImlhdCI6MTc0Nzg1Mjg0NCwiZXhwIjoxNzQ3OTM5MjQ0fQ.52GFmR6tLl8cVTeiTmG8Sr9visrv8vgDVkk4-9UvwhM"}
2025-05-21 21:40:52.347 [main] INFO  clientUtils.ConnectionManager - Получено от сервера: {"answerType":"OK","message":"Коллекция пуста","receiver":""}
2025-05-21 21:40:55.276 [main] INFO  clientUtils.ConnectionManager - Отправлено на сервер: {"queryType":"COMMAND_READ","message":"show","args":{"sender":""},"token":"eyJhbGciOiJIUzI1NiJ9.eyJzdWIiOiJhbnRvbiIsImlhdCI6MTc0Nzg1MjgxNSwiZXhwIjoxNzQ3OTM5MjE1fQ.JWZ7kkWp5WSLas6L1z5zW9LbDihNf3iLJii8-W820wY"}
2025-05-21 21:40:55.282 [main] INFO  clientUtils.ConnectionManager - Получено от сервера: {"answerType":"OK","message":"Коллекция пуста","receiver":""}
2025-05-21 21:41:24.779 [main] ERROR clientUtils.ConnectionManager - Ошибка подключения: Connection refused
2025-05-21 21:41:24.781 [main] WARN  clientUtils.Console - Нет подключения к серверу
2025-05-21 21:41:33.554 [main] DEBUG clientUtils.ConnectionManager - Подключен к серверу по адресу localhost:3333
2025-05-21 21:41:33.554 [main] DEBUG clientUtils.Console - Подключение к серверу
2025-05-21 21:41:39.651 [main] INFO  clientUtils.ConnectionManager - Отправлено на сервер: {"queryType":"AUTHORIZATION","message":"","args":{"username":"anton","password":"anton"}}
2025-05-21 21:41:39.765 [main] INFO  clientUtils.ConnectionManager - Получено от сервера: {"answerType":"OK","message":"eyJhbGciOiJIUzI1NiJ9.eyJzdWIiOiJhbnRvbiIsImlhdCI6MTc0Nzg1Mjg5OSwiZXhwIjoxNzQ3OTM5Mjk5fQ.M9_CVcpdVhTAlRCelcwtfTUAI9tMmmKE0pEZc_c8nYM","receiver":"anton"}
2025-05-21 21:41:39.768 [main] DEBUG clientUtils.Console - Отправленный запрос на авторизацию
2025-05-21 21:41:39.768 [main] DEBUG clientUtils.Console - Авторизован
2025-05-21 21:41:39.768 [main] INFO  clientUtils.ConnectionManager - Отправлено на сервер: {"queryType":"DISCHARGE","message":"","args":{"sender":"","password":"щкуо"}}
2025-05-21 21:41:39.772 [main] INFO  clientUtils.ConnectionManager - Получено от сервера: {"answerType":"SYSTEM","message":"{\"commands\":{\"show\":\"Выводит все элементы коллекции\",\"add\":\"Adds a new element into the collection\",\"remove_by_id\":\"Удалить элемент по Id\",\"info\":\"Выводит информацию о коллекции\",\"update_by_id\":\"Обновляет значения элемента с указанным Id\",\"clear\":\"Очистить все элименты Коллекции\",\"filter_by_price\":\"Печатает элементы с указанной ценой\",\"filter_by_unitofmeasure\":\"Выводит элементы с совпадающим UnitOfMeasure\",\"filter_by_creationdate\":\"Группирует по дате создания\",\"remove_greater\":\"Удаляет из коллекции все элементы, размер которых превышает указанный\",\"remove_lower\":\"Удаляет из коллекции все элементы, размер которых превышает указанный\"},\"arguments\":{\"show\":\"{}\",\"add\":\"{\\\"product\\\":\\\"Product\\\"}\",\"remove_by_id\":\"{\\\"id\\\":\\\"Int\\\"}\",\"info\":\"{}\",\"update_by_id\":\"{\\\"id\\\":\\\"Int\\\",\\\"product\\\":\\\"Product\\\"}\",\"clear\":\"{}\",\"filter_by_price\":\"{\\\"price\\\":\\\"Int\\\"}\",\"filter_by_unitofmeasure\":\"{\\\"unitOfMeasure\\\":\\\"UnitOfMeasure\\\"}\",\"filter_by_creationdate\":\"{}\",\"remove_greater\":\"{\\\"product\\\":\\\"Product\\\"}\",\"remove_lower\":\"{\\\"product\\\":\\\"Product\\\"}\"}}","receiver":""}
2025-05-21 21:41:39.772 [main] DEBUG clientUtils.Console - Отправлен запрос на выгрузку
2025-05-21 21:41:39.773 [main] INFO  clientUtils.Console - Получены команды от сервера: [show, add, remove_by_id, info, update_by_id, clear, filter_by_price, filter_by_unitofmeasure, filter_by_creationdate, remove_greater, remove_lower]
2025-05-21 21:41:39.774 [main] DEBUG clientUtils.Console - Выгрузка базовых команд на сервер
2025-05-21 21:41:39.775 [main] INFO  clientUtils.ConnectionManager - Отправлено на сервер: {"queryType":"DISCHARGE","message":"","args":{"sender":"","password":"щкуо"}}
2025-05-21 21:41:39.776 [main] INFO  clientUtils.ConnectionManager - Получено от сервера: {"answerType":"SYSTEM","message":"{\"commands\":{\"show\":\"Выводит все элементы коллекции\",\"add\":\"Adds a new element into the collection\",\"remove_by_id\":\"Удалить элемент по Id\",\"info\":\"Выводит информацию о коллекции\",\"update_by_id\":\"Обновляет значения элемента с указанным Id\",\"clear\":\"Очистить все элименты Коллекции\",\"filter_by_price\":\"Печатает элементы с указанной ценой\",\"filter_by_unitofmeasure\":\"Выводит элементы с совпадающим UnitOfMeasure\",\"filter_by_creationdate\":\"Группирует по дате создания\",\"remove_greater\":\"Удаляет из коллекции все элементы, размер которых превышает указанный\",\"remove_lower\":\"Удаляет из коллекции все элементы, размер которых превышает указанный\"},\"arguments\":{\"show\":\"{}\",\"add\":\"{\\\"product\\\":\\\"Product\\\"}\",\"remove_by_id\":\"{\\\"id\\\":\\\"Int\\\"}\",\"info\":\"{}\",\"update_by_id\":\"{\\\"id\\\":\\\"Int\\\",\\\"product\\\":\\\"Product\\\"}\",\"clear\":\"{}\",\"filter_by_price\":\"{\\\"price\\\":\\\"Int\\\"}\",\"filter_by_unitofmeasure\":\"{\\\"unitOfMeasure\\\":\\\"UnitOfMeasure\\\"}\",\"filter_by_creationdate\":\"{}\",\"remove_greater\":\"{\\\"product\\\":\\\"Product\\\"}\",\"remove_lower\":\"{\\\"product\\\":\\\"Product\\\"}\"}}","receiver":""}
2025-05-21 21:41:39.776 [main] DEBUG clientUtils.Console - Отправлен запрос на выгрузку
2025-05-21 21:41:39.776 [main] INFO  clientUtils.Console - Получены команды от сервера: [show, add, remove_by_id, info, update_by_id, clear, filter_by_price, filter_by_unitofmeasure, filter_by_creationdate, remove_greater, remove_lower]
2025-05-21 21:41:39.777 [main] DEBUG clientUtils.Console - Выгрузка базовых команд на сервер
2025-05-21 21:42:09.906 [main] INFO  clientUtils.ConnectionManager - Отправлено на сервер: {"queryType":"COMMAND_READ","message":"add","args":{"sender":"","product":"{\"name\":\"12\",\"coordinates\":{\"x\":12,\"y\":12.0},\"price\":12,\"unitOfMeasure\":\"MILLIGRAMS\",\"manufacturer\":{\"id\":-198759591,\"name\":\"12\",\"employeesCount\":12,\"type\":\"PRIVATE_LIMITED_COMPANY\"}}"},"token":"eyJhbGciOiJIUzI1NiJ9.eyJzdWIiOiJhbnRvbiIsImlhdCI6MTc0Nzg1Mjg5OSwiZXhwIjoxNzQ3OTM5Mjk5fQ.M9_CVcpdVhTAlRCelcwtfTUAI9tMmmKE0pEZc_c8nYM"}
2025-05-21 21:42:09.955 [main] INFO  clientUtils.ConnectionManager - Получено от сервера: {"answerType":"OK","message":"Product 12 был создан и добавлен в коллекцию","receiver":""}
2025-05-21 21:42:12.295 [main] INFO  clientUtils.ConnectionManager - Отправлено на сервер: {"queryType":"COMMAND_READ","message":"show","args":{"sender":""},"token":"eyJhbGciOiJIUzI1NiJ9.eyJzdWIiOiJhbnRvbiIsImlhdCI6MTc0Nzg1Mjg5OSwiZXhwIjoxNzQ3OTM5Mjk5fQ.M9_CVcpdVhTAlRCelcwtfTUAI9tMmmKE0pEZc_c8nYM"}
2025-05-21 21:42:12.316 [main] INFO  clientUtils.ConnectionManager - Получено от сервера: {"answerType":"OK","message":"19=Product(\n  id=19,\n  name=12,\n  coordinates=Coordinates(x=12, y=12.0),\n  creationDate=2025-05-21,\n  price=12,\n  unitOfMeasure=MILLIGRAMS,\n  manufacturer=Organization(id=-198759591, name=12, employeesCount=12, type=PRIVATE_LIMITED_COMPANY)\n)","receiver":""}
2025-05-21 21:42:20.275 [main] INFO  clientUtils.ConnectionManager - Отправлено на сервер: {"queryType":"COMMAND_READ","message":"show","args":{"sender":""},"token":"eyJhbGciOiJIUzI1NiJ9.eyJzdWIiOiJhbnRvbiIsImlhdCI6MTc0Nzg1Mjg5OSwiZXhwIjoxNzQ3OTM5Mjk5fQ.M9_CVcpdVhTAlRCelcwtfTUAI9tMmmKE0pEZc_c8nYM"}
2025-05-21 21:42:20.281 [main] INFO  clientUtils.ConnectionManager - Получено от сервера: {"answerType":"OK","message":"19=Product(\n  id=19,\n  name=12,\n  coordinates=Coordinates(x=12, y=12.0),\n  creationDate=2025-05-21,\n  price=12,\n  unitOfMeasure=MILLIGRAMS,\n  manufacturer=Organization(id=-198759591, name=12, employeesCount=12, type=PRIVATE_LIMITED_COMPANY)\n)","receiver":""}
2025-05-22 15:31:55.795 [main] DEBUG clientUtils.ConnectionManager - Подключен к серверу по адресу localhost:3333
2025-05-22 15:31:55.796 [main] DEBUG clientUtils.Console - Подключение к серверу
2025-05-22 15:31:58.565 [main] INFO  clientUtils.ConnectionManager - Отправлено на сервер: {"queryType":"AUTHORIZATION","message":"","args":{"username":"fiuoesyfewf","password":"weuifhewfew"}}
2025-05-22 15:37:45.072 [main] DEBUG clientUtils.ConnectionManager - Подключен к серверу по адресу localhost:3333
2025-05-22 15:37:45.073 [main] DEBUG clientUtils.Console - Подключение к серверу
2025-05-22 15:37:50.478 [main] INFO  clientUtils.ConnectionManager - Отправлено на сервер: {"queryType":"AUTHORIZATION","message":"","args":{"username":"anton","password":"anton"}}
2025-05-22 15:37:50.579 [main] INFO  clientUtils.ConnectionManager - Получено от сервера: {"answerType":"OK","message":"eyJhbGciOiJIUzI1NiJ9.eyJzdWIiOiJhbnRvbiIsImlhdCI6MTc0NzkxNzQ3MCwiZXhwIjoxNzQ4MDAzODcwfQ.fUPlzOKDYuPg585_hLy87DrBaRN1XCo2kZ7UGTbxtEg","receiver":"anton"}
2025-05-22 15:37:50.583 [main] DEBUG clientUtils.Console - Отправленный запрос на авторизацию
2025-05-22 15:37:50.583 [main] DEBUG clientUtils.Console - Авторизован
2025-05-22 15:37:50.585 [main] INFO  clientUtils.ConnectionManager - Отправлено на сервер: {"queryType":"DISCHARGE","message":"","args":{"sender":"","password":"щкуо"}}
2025-05-22 15:37:50.587 [main] INFO  clientUtils.ConnectionManager - Получено от сервера: {"answerType":"SYSTEM","message":"{\"commands\":{\"show\":\"Выводит все элементы коллекции\",\"add\":\"Adds a new element into the collection\",\"remove_by_id\":\"Удалить элемент по Id\",\"info\":\"Выводит информацию о коллекции\",\"update_by_id\":\"Обновляет значения элемента с указанным Id\",\"clear\":\"Очистить все элименты Коллекции\",\"filter_by_price\":\"Печатает элементы с указанной ценой\",\"filter_by_unitofmeasure\":\"Выводит элементы с совпадающим UnitOfMeasure\",\"filter_by_creationdate\":\"Группирует по дате создания\",\"remove_greater\":\"Удаляет из коллекции все элементы, размер которых превышает указанный\",\"remove_lower\":\"Удаляет из коллекции все элементы, размер которых превышает указанный\"},\"arguments\":{\"show\":\"{}\",\"add\":\"{\\\"product\\\":\\\"Product\\\"}\",\"remove_by_id\":\"{\\\"id\\\":\\\"Int\\\"}\",\"info\":\"{}\",\"update_by_id\":\"{\\\"id\\\":\\\"Int\\\",\\\"product\\\":\\\"Product\\\"}\",\"clear\":\"{}\",\"filter_by_price\":\"{\\\"price\\\":\\\"Int\\\"}\",\"filter_by_unitofmeasure\":\"{\\\"unitOfMeasure\\\":\\\"UnitOfMeasure\\\"}\",\"filter_by_creationdate\":\"{}\",\"remove_greater\":\"{\\\"product\\\":\\\"Product\\\"}\",\"remove_lower\":\"{\\\"product\\\":\\\"Product\\\"}\"}}","receiver":""}
2025-05-22 15:37:50.588 [main] DEBUG clientUtils.Console - Отправлен запрос на выгрузку
2025-05-22 15:37:50.589 [main] INFO  clientUtils.Console - Получены команды от сервера: [show, add, remove_by_id, info, update_by_id, clear, filter_by_price, filter_by_unitofmeasure, filter_by_creationdate, remove_greater, remove_lower]
2025-05-22 15:37:50.591 [main] DEBUG clientUtils.Console - Выгрузка базовых команд на сервер
2025-05-22 15:37:50.592 [main] INFO  clientUtils.ConnectionManager - Отправлено на сервер: {"queryType":"DISCHARGE","message":"","args":{"sender":"","password":"щкуо"}}
2025-05-22 15:37:50.593 [main] INFO  clientUtils.ConnectionManager - Получено от сервера: {"answerType":"SYSTEM","message":"{\"commands\":{\"show\":\"Выводит все элементы коллекции\",\"add\":\"Adds a new element into the collection\",\"remove_by_id\":\"Удалить элемент по Id\",\"info\":\"Выводит информацию о коллекции\",\"update_by_id\":\"Обновляет значения элемента с указанным Id\",\"clear\":\"Очистить все элименты Коллекции\",\"filter_by_price\":\"Печатает элементы с указанной ценой\",\"filter_by_unitofmeasure\":\"Выводит элементы с совпадающим UnitOfMeasure\",\"filter_by_creationdate\":\"Группирует по дате создания\",\"remove_greater\":\"Удаляет из коллекции все элементы, размер которых превышает указанный\",\"remove_lower\":\"Удаляет из коллекции все элементы, размер которых превышает указанный\"},\"arguments\":{\"show\":\"{}\",\"add\":\"{\\\"product\\\":\\\"Product\\\"}\",\"remove_by_id\":\"{\\\"id\\\":\\\"Int\\\"}\",\"info\":\"{}\",\"update_by_id\":\"{\\\"id\\\":\\\"Int\\\",\\\"product\\\":\\\"Product\\\"}\",\"clear\":\"{}\",\"filter_by_price\":\"{\\\"price\\\":\\\"Int\\\"}\",\"filter_by_unitofmeasure\":\"{\\\"unitOfMeasure\\\":\\\"UnitOfMeasure\\\"}\",\"filter_by_creationdate\":\"{}\",\"remove_greater\":\"{\\\"product\\\":\\\"Product\\\"}\",\"remove_lower\":\"{\\\"product\\\":\\\"Product\\\"}\"}}","receiver":""}
2025-05-22 15:37:50.593 [main] DEBUG clientUtils.Console - Отправлен запрос на выгрузку
2025-05-22 15:37:50.593 [main] INFO  clientUtils.Console - Получены команды от сервера: [show, add, remove_by_id, info, update_by_id, clear, filter_by_price, filter_by_unitofmeasure, filter_by_creationdate, remove_greater, remove_lower]
2025-05-22 15:37:50.594 [main] DEBUG clientUtils.Console - Выгрузка базовых команд на сервер
2025-05-22 15:38:04.647 [main] DEBUG clientUtils.ConnectionManager - Подключен к серверу по адресу localhost:3333
2025-05-22 15:38:04.648 [main] DEBUG clientUtils.Console - Подключение к серверу
2025-05-22 15:38:16.822 [main] INFO  clientUtils.ConnectionManager - Отправлено на сервер: {"queryType":"AUTHORIZATION","message":"","args":{"username":"anton","password":"anton"}}
2025-05-22 15:38:16.920 [main] INFO  clientUtils.ConnectionManager - Получено от сервера: {"answerType":"OK","message":"eyJhbGciOiJIUzI1NiJ9.eyJzdWIiOiJhbnRvbiIsImlhdCI6MTc0NzkxNzQ5NiwiZXhwIjoxNzQ4MDAzODk2fQ.eqq9Iqkub1Ka2tik2SxjTgnWuqY_Ycomm57f0jsSwio","receiver":"anton"}
2025-05-22 15:38:16.922 [main] DEBUG clientUtils.Console - Отправленный запрос на авторизацию
2025-05-22 15:38:16.922 [main] DEBUG clientUtils.Console - Авторизован
2025-05-22 15:38:16.925 [main] INFO  clientUtils.ConnectionManager - Отправлено на сервер: {"queryType":"DISCHARGE","message":"","args":{"sender":"","password":"щкуо"}}
2025-05-22 15:38:16.927 [main] INFO  clientUtils.ConnectionManager - Получено от сервера: {"answerType":"SYSTEM","message":"{\"commands\":{\"show\":\"Выводит все элементы коллекции\",\"add\":\"Adds a new element into the collection\",\"remove_by_id\":\"Удалить элемент по Id\",\"info\":\"Выводит информацию о коллекции\",\"update_by_id\":\"Обновляет значения элемента с указанным Id\",\"clear\":\"Очистить все элименты Коллекции\",\"filter_by_price\":\"Печатает элементы с указанной ценой\",\"filter_by_unitofmeasure\":\"Выводит элементы с совпадающим UnitOfMeasure\",\"filter_by_creationdate\":\"Группирует по дате создания\",\"remove_greater\":\"Удаляет из коллекции все элементы, размер которых превышает указанный\",\"remove_lower\":\"Удаляет из коллекции все элементы, размер которых превышает указанный\"},\"arguments\":{\"show\":\"{}\",\"add\":\"{\\\"product\\\":\\\"Product\\\"}\",\"remove_by_id\":\"{\\\"id\\\":\\\"Int\\\"}\",\"info\":\"{}\",\"update_by_id\":\"{\\\"id\\\":\\\"Int\\\",\\\"product\\\":\\\"Product\\\"}\",\"clear\":\"{}\",\"filter_by_price\":\"{\\\"price\\\":\\\"Int\\\"}\",\"filter_by_unitofmeasure\":\"{\\\"unitOfMeasure\\\":\\\"UnitOfMeasure\\\"}\",\"filter_by_creationdate\":\"{}\",\"remove_greater\":\"{\\\"product\\\":\\\"Product\\\"}\",\"remove_lower\":\"{\\\"product\\\":\\\"Product\\\"}\"}}","receiver":""}
2025-05-22 15:38:16.927 [main] DEBUG clientUtils.Console - Отправлен запрос на выгрузку
2025-05-22 15:38:16.928 [main] INFO  clientUtils.Console - Получены команды от сервера: [show, add, remove_by_id, info, update_by_id, clear, filter_by_price, filter_by_unitofmeasure, filter_by_creationdate, remove_greater, remove_lower]
2025-05-22 15:38:16.929 [main] DEBUG clientUtils.Console - Выгрузка базовых команд на сервер
2025-05-22 15:38:16.929 [main] INFO  clientUtils.ConnectionManager - Отправлено на сервер: {"queryType":"DISCHARGE","message":"","args":{"sender":"","password":"щкуо"}}
2025-05-22 15:38:16.931 [main] INFO  clientUtils.ConnectionManager - Получено от сервера: {"answerType":"SYSTEM","message":"{\"commands\":{\"show\":\"Выводит все элементы коллекции\",\"add\":\"Adds a new element into the collection\",\"remove_by_id\":\"Удалить элемент по Id\",\"info\":\"Выводит информацию о коллекции\",\"update_by_id\":\"Обновляет значения элемента с указанным Id\",\"clear\":\"Очистить все элименты Коллекции\",\"filter_by_price\":\"Печатает элементы с указанной ценой\",\"filter_by_unitofmeasure\":\"Выводит элементы с совпадающим UnitOfMeasure\",\"filter_by_creationdate\":\"Группирует по дате создания\",\"remove_greater\":\"Удаляет из коллекции все элементы, размер которых превышает указанный\",\"remove_lower\":\"Удаляет из коллекции все элементы, размер которых превышает указанный\"},\"arguments\":{\"show\":\"{}\",\"add\":\"{\\\"product\\\":\\\"Product\\\"}\",\"remove_by_id\":\"{\\\"id\\\":\\\"Int\\\"}\",\"info\":\"{}\",\"update_by_id\":\"{\\\"id\\\":\\\"Int\\\",\\\"product\\\":\\\"Product\\\"}\",\"clear\":\"{}\",\"filter_by_price\":\"{\\\"price\\\":\\\"Int\\\"}\",\"filter_by_unitofmeasure\":\"{\\\"unitOfMeasure\\\":\\\"UnitOfMeasure\\\"}\",\"filter_by_creationdate\":\"{}\",\"remove_greater\":\"{\\\"product\\\":\\\"Product\\\"}\",\"remove_lower\":\"{\\\"product\\\":\\\"Product\\\"}\"}}","receiver":""}
2025-05-22 15:38:16.931 [main] DEBUG clientUtils.Console - Отправлен запрос на выгрузку
2025-05-22 15:38:16.931 [main] INFO  clientUtils.Console - Получены команды от сервера: [show, add, remove_by_id, info, update_by_id, clear, filter_by_price, filter_by_unitofmeasure, filter_by_creationdate, remove_greater, remove_lower]
2025-05-22 15:38:16.932 [main] DEBUG clientUtils.Console - Выгрузка базовых команд на сервер
2025-05-22 15:42:22.048 [main] DEBUG clientUtils.ConnectionManager - Подключен к серверу по адресу localhost:3333
2025-05-22 15:42:22.049 [main] DEBUG clientUtils.Console - Подключение к серверу
2025-05-22 15:42:24.797 [main] INFO  clientUtils.ConnectionManager - Отправлено на сервер: {"queryType":"AUTHORIZATION","message":"","args":{"username":"dscjkhsadgicdagucas","password":"dbkj,cfdsahfdsf"}}
2025-05-22 15:42:24.911 [main] INFO  clientUtils.ConnectionManager - Получено от сервера: {"answerType":"OK","message":"eyJhbGciOiJIUzI1NiJ9.eyJzdWIiOiJkc2Nqa2hzYWRnaWNkYWd1Y2FzIiwiaWF0IjoxNzQ3OTE3NzQ0LCJleHAiOjE3NDgwMDQxNDR9.npkUWNy3rUtMTmvadITyN3pUhtioFF82XXTHo5_tDB0","receiver":"dscjkhsadgicdagucas"}
2025-05-22 15:42:24.914 [main] DEBUG clientUtils.Console - Отправленный запрос на авторизацию
2025-05-22 15:42:24.914 [main] DEBUG clientUtils.Console - Авторизован
2025-05-22 15:42:24.916 [main] INFO  clientUtils.ConnectionManager - Отправлено на сервер: {"queryType":"DISCHARGE","message":"","args":{"sender":"","password":"щкуо"}}
2025-05-22 15:42:24.918 [main] INFO  clientUtils.ConnectionManager - Получено от сервера: {"answerType":"SYSTEM","message":"{\"commands\":{\"show\":\"Выводит все элементы коллекции\",\"add\":\"Adds a new element into the collection\",\"remove_by_id\":\"Удалить элемент по Id\",\"info\":\"Выводит информацию о коллекции\",\"update_by_id\":\"Обновляет значения элемента с указанным Id\",\"clear\":\"Очистить все элименты Коллекции\",\"filter_by_price\":\"Печатает элементы с указанной ценой\",\"filter_by_unitofmeasure\":\"Выводит элементы с совпадающим UnitOfMeasure\",\"filter_by_creationdate\":\"Группирует по дате создания\",\"remove_greater\":\"Удаляет из коллекции все элементы, размер которых превышает указанный\",\"remove_lower\":\"Удаляет из коллекции все элементы, размер которых превышает указанный\"},\"arguments\":{\"show\":\"{}\",\"add\":\"{\\\"product\\\":\\\"Product\\\"}\",\"remove_by_id\":\"{\\\"id\\\":\\\"Int\\\"}\",\"info\":\"{}\",\"update_by_id\":\"{\\\"id\\\":\\\"Int\\\",\\\"product\\\":\\\"Product\\\"}\",\"clear\":\"{}\",\"filter_by_price\":\"{\\\"price\\\":\\\"Int\\\"}\",\"filter_by_unitofmeasure\":\"{\\\"unitOfMeasure\\\":\\\"UnitOfMeasure\\\"}\",\"filter_by_creationdate\":\"{}\",\"remove_greater\":\"{\\\"product\\\":\\\"Product\\\"}\",\"remove_lower\":\"{\\\"product\\\":\\\"Product\\\"}\"}}","receiver":""}
2025-05-22 15:42:24.918 [main] DEBUG clientUtils.Console - Отправлен запрос на выгрузку
2025-05-22 15:42:24.919 [main] INFO  clientUtils.Console - Получены команды от сервера: [show, add, remove_by_id, info, update_by_id, clear, filter_by_price, filter_by_unitofmeasure, filter_by_creationdate, remove_greater, remove_lower]
2025-05-22 15:42:24.921 [main] DEBUG clientUtils.Console - Выгрузка базовых команд на сервер
2025-05-22 15:42:24.922 [main] INFO  clientUtils.ConnectionManager - Отправлено на сервер: {"queryType":"DISCHARGE","message":"","args":{"sender":"","password":"щкуо"}}
2025-05-22 15:42:24.923 [main] INFO  clientUtils.ConnectionManager - Получено от сервера: {"answerType":"SYSTEM","message":"{\"commands\":{\"show\":\"Выводит все элементы коллекции\",\"add\":\"Adds a new element into the collection\",\"remove_by_id\":\"Удалить элемент по Id\",\"info\":\"Выводит информацию о коллекции\",\"update_by_id\":\"Обновляет значения элемента с указанным Id\",\"clear\":\"Очистить все элименты Коллекции\",\"filter_by_price\":\"Печатает элементы с указанной ценой\",\"filter_by_unitofmeasure\":\"Выводит элементы с совпадающим UnitOfMeasure\",\"filter_by_creationdate\":\"Группирует по дате создания\",\"remove_greater\":\"Удаляет из коллекции все элементы, размер которых превышает указанный\",\"remove_lower\":\"Удаляет из коллекции все элементы, размер которых превышает указанный\"},\"arguments\":{\"show\":\"{}\",\"add\":\"{\\\"product\\\":\\\"Product\\\"}\",\"remove_by_id\":\"{\\\"id\\\":\\\"Int\\\"}\",\"info\":\"{}\",\"update_by_id\":\"{\\\"id\\\":\\\"Int\\\",\\\"product\\\":\\\"Product\\\"}\",\"clear\":\"{}\",\"filter_by_price\":\"{\\\"price\\\":\\\"Int\\\"}\",\"filter_by_unitofmeasure\":\"{\\\"unitOfMeasure\\\":\\\"UnitOfMeasure\\\"}\",\"filter_by_creationdate\":\"{}\",\"remove_greater\":\"{\\\"product\\\":\\\"Product\\\"}\",\"remove_lower\":\"{\\\"product\\\":\\\"Product\\\"}\"}}","receiver":""}
2025-05-22 15:42:24.923 [main] DEBUG clientUtils.Console - Отправлен запрос на выгрузку
2025-05-22 15:42:24.924 [main] INFO  clientUtils.Console - Получены команды от сервера: [show, add, remove_by_id, info, update_by_id, clear, filter_by_price, filter_by_unitofmeasure, filter_by_creationdate, remove_greater, remove_lower]
2025-05-22 15:42:24.924 [main] DEBUG clientUtils.Console - Выгрузка базовых команд на сервер
2025-05-22 15:42:28.968 [main] INFO  clientUtils.ConnectionManager - Отправлено на сервер: {"queryType":"COMMAND_READ","message":"show","args":{"sender":""},"token":"eyJhbGciOiJIUzI1NiJ9.eyJzdWIiOiJkc2Nqa2hzYWRnaWNkYWd1Y2FzIiwiaWF0IjoxNzQ3OTE3NzQ0LCJleHAiOjE3NDgwMDQxNDR9.npkUWNy3rUtMTmvadITyN3pUhtioFF82XXTHo5_tDB0"}
2025-05-22 15:42:28.994 [main] INFO  clientUtils.ConnectionManager - Получено от сервера: {"answerType":"OK","message":"19=Product(\n  id=19,\n  name=12,\n  coordinates=Coordinates(x=12, y=12.0),\n  creationDate=2025-05-21,\n  price=12,\n  unitOfMeasure=MILLIGRAMS,\n  manufacturer=Organization(id=-133951818, name=12, employeesCount=12, type=PRIVATE_LIMITED_COMPANY)\n)","receiver":""}
2025-05-22 21:01:53.734 [main] ERROR clientUtils.ConnectionManager - Ошибка подключения: Connection refused
2025-05-22 21:01:53.737 [main] WARN  clientUtils.Console - Нет подключения к серверу
2025-05-22 21:02:01.258 [main] DEBUG clientUtils.ConnectionManager - Подключен к серверу по адресу localhost:3333
2025-05-22 21:02:01.260 [main] DEBUG clientUtils.Console - Подключение к серверу
2025-05-22 21:02:04.998 [main] INFO  clientUtils.ConnectionManager - Отправлено на сервер: {"queryType":"AUTHORIZATION","message":"","args":{"username":"asdjfdnsf","password":"skjdfewof"}}
2025-05-22 21:02:05.114 [main] INFO  clientUtils.ConnectionManager - Получено от сервера: {"answerType":"OK","message":"eyJhbGciOiJIUzI1NiJ9.eyJzdWIiOiJhc2RqZmRuc2YiLCJpYXQiOjE3NDc5MzY5MjUsImV4cCI6MTc0ODAyMzMyNX0.aALOcgtQT0WK7JvcT5wFVcQoItoiOtmUN_unY1LoAZ8","receiver":"asdjfdnsf"}
2025-05-22 21:02:05.117 [main] DEBUG clientUtils.Console - Отправленный запрос на авторизацию
2025-05-22 21:02:05.117 [main] DEBUG clientUtils.Console - Авторизован
2025-05-22 21:02:05.119 [main] INFO  clientUtils.ConnectionManager - Отправлено на сервер: {"queryType":"DISCHARGE","message":"","args":{"sender":"","password":"щкуо"}}
2025-05-22 21:02:05.121 [main] INFO  clientUtils.ConnectionManager - Получено от сервера: {"answerType":"SYSTEM","message":"{\"commands\":{\"show\":\"Выводит все элементы коллекции\",\"add\":\"Adds a new element into the collection\",\"remove_by_id\":\"Удалить элемент по Id\",\"info\":\"Выводит информацию о коллекции\",\"update_by_id\":\"Обновляет значения элемента с указанным Id\",\"clear\":\"Очистить все элименты Коллекции\",\"filter_by_price\":\"Печатает элементы с указанной ценой\",\"filter_by_unitofmeasure\":\"Выводит элементы с совпадающим UnitOfMeasure\",\"filter_by_creationdate\":\"Группирует по дате создания\",\"remove_greater\":\"Удаляет из коллекции все элементы, размер которых превышает указанный\",\"remove_lower\":\"Удаляет из коллекции все элементы, размер которых превышает указанный\"},\"arguments\":{\"show\":\"{}\",\"add\":\"{\\\"product\\\":\\\"Product\\\"}\",\"remove_by_id\":\"{\\\"id\\\":\\\"Int\\\"}\",\"info\":\"{}\",\"update_by_id\":\"{\\\"id\\\":\\\"Int\\\",\\\"product\\\":\\\"Product\\\"}\",\"clear\":\"{}\",\"filter_by_price\":\"{\\\"price\\\":\\\"Int\\\"}\",\"filter_by_unitofmeasure\":\"{\\\"unitOfMeasure\\\":\\\"UnitOfMeasure\\\"}\",\"filter_by_creationdate\":\"{}\",\"remove_greater\":\"{\\\"product\\\":\\\"Product\\\"}\",\"remove_lower\":\"{\\\"product\\\":\\\"Product\\\"}\"}}","receiver":""}
2025-05-22 21:02:05.121 [main] DEBUG clientUtils.Console - Отправлен запрос на выгрузку
2025-05-22 21:02:05.123 [main] INFO  clientUtils.Console - Получены команды от сервера: [show, add, remove_by_id, info, update_by_id, clear, filter_by_price, filter_by_unitofmeasure, filter_by_creationdate, remove_greater, remove_lower]
2025-05-22 21:02:05.125 [main] DEBUG clientUtils.Console - Выгрузка базовых команд на сервер
2025-05-22 21:02:05.126 [main] INFO  clientUtils.ConnectionManager - Отправлено на сервер: {"queryType":"DISCHARGE","message":"","args":{"sender":"","password":"щкуо"}}
2025-05-22 21:02:05.127 [main] INFO  clientUtils.ConnectionManager - Получено от сервера: {"answerType":"SYSTEM","message":"{\"commands\":{\"show\":\"Выводит все элементы коллекции\",\"add\":\"Adds a new element into the collection\",\"remove_by_id\":\"Удалить элемент по Id\",\"info\":\"Выводит информацию о коллекции\",\"update_by_id\":\"Обновляет значения элемента с указанным Id\",\"clear\":\"Очистить все элименты Коллекции\",\"filter_by_price\":\"Печатает элементы с указанной ценой\",\"filter_by_unitofmeasure\":\"Выводит элементы с совпадающим UnitOfMeasure\",\"filter_by_creationdate\":\"Группирует по дате создания\",\"remove_greater\":\"Удаляет из коллекции все элементы, размер которых превышает указанный\",\"remove_lower\":\"Удаляет из коллекции все элементы, размер которых превышает указанный\"},\"arguments\":{\"show\":\"{}\",\"add\":\"{\\\"product\\\":\\\"Product\\\"}\",\"remove_by_id\":\"{\\\"id\\\":\\\"Int\\\"}\",\"info\":\"{}\",\"update_by_id\":\"{\\\"id\\\":\\\"Int\\\",\\\"product\\\":\\\"Product\\\"}\",\"clear\":\"{}\",\"filter_by_price\":\"{\\\"price\\\":\\\"Int\\\"}\",\"filter_by_unitofmeasure\":\"{\\\"unitOfMeasure\\\":\\\"UnitOfMeasure\\\"}\",\"filter_by_creationdate\":\"{}\",\"remove_greater\":\"{\\\"product\\\":\\\"Product\\\"}\",\"remove_lower\":\"{\\\"product\\\":\\\"Product\\\"}\"}}","receiver":""}
2025-05-22 21:02:05.127 [main] DEBUG clientUtils.Console - Отправлен запрос на выгрузку
2025-05-22 21:02:05.127 [main] INFO  clientUtils.Console - Получены команды от сервера: [show, add, remove_by_id, info, update_by_id, clear, filter_by_price, filter_by_unitofmeasure, filter_by_creationdate, remove_greater, remove_lower]
2025-05-22 21:02:05.127 [main] DEBUG clientUtils.Console - Выгрузка базовых команд на сервер
2025-05-22 21:02:15.428 [main] INFO  clientUtils.ConnectionManager - Отправлено на сервер: {"queryType":"COMMAND_READ","message":"add","args":{"sender":"","product":"{\"id\":2032730416,\"name\":\"12\",\"coordinates\":{\"x\":12,\"y\":12.0},\"price\":12,\"unitOfMeasure\":\"MILLIGRAMS\",\"manufacturer\":{\"id\":-114754064,\"name\":\"12\",\"employeesCount\":12,\"type\":\"PRIVATE_LIMITED_COMPANY\"}}"},"token":"eyJhbGciOiJIUzI1NiJ9.eyJzdWIiOiJhc2RqZmRuc2YiLCJpYXQiOjE3NDc5MzY5MjUsImV4cCI6MTc0ODAyMzMyNX0.aALOcgtQT0WK7JvcT5wFVcQoItoiOtmUN_unY1LoAZ8"}
2025-05-22 21:02:15.463 [main] INFO  clientUtils.ConnectionManager - Получено от сервера: {"answerType":"OK","message":"Product 12 был создан и добавлен в коллекцию","receiver":""}
2025-05-22 21:02:18.246 [main] INFO  clientUtils.ConnectionManager - Отправлено на сервер: {"queryType":"COMMAND_READ","message":"show","args":{"sender":""},"token":"eyJhbGciOiJIUzI1NiJ9.eyJzdWIiOiJhc2RqZmRuc2YiLCJpYXQiOjE3NDc5MzY5MjUsImV4cCI6MTc0ODAyMzMyNX0.aALOcgtQT0WK7JvcT5wFVcQoItoiOtmUN_unY1LoAZ8"}
2025-05-22 21:02:18.254 [main] INFO  clientUtils.ConnectionManager - Получено от сервера: {"answerType":"OK","message":"19=Product(\n  id=19,\n  name=12,\n  coordinates=Coordinates(x=12, y=12.0),\n  creationDate=2025-05-21,\n  price=12,\n  unitOfMeasure=MILLIGRAMS,\n  manufacturer=Organization(id=-114771138, name=12, employeesCount=12, type=PRIVATE_LIMITED_COMPANY)\n)\n20=Product(\n  id=20,\n  name=12,\n  coordinates=Coordinates(x=12, y=12.0),\n  creationDate=2025-05-22,\n  price=12,\n  unitOfMeasure=MILLIGRAMS,\n  manufacturer=Organization(id=-114754064, name=12, employeesCount=12, type=PRIVATE_LIMITED_COMPANY)\n)","receiver":""}
2025-05-22 21:02:23.811 [main] DEBUG clientUtils.ConnectionManager - Подключен к серверу по адресу localhost:3333
2025-05-22 21:02:23.812 [main] DEBUG clientUtils.Console - Подключение к серверу
2025-05-22 21:02:27.641 [main] INFO  clientUtils.ConnectionManager - Отправлено на сервер: {"queryType":"AUTHORIZATION","message":"","args":{"username":"фтещт","password":"фтещт"}}
2025-05-22 21:02:27.673 [main] INFO  clientUtils.ConnectionManager - Получено от сервера: {"answerType":"OK","message":"eyJhbGciOiJIUzI1NiJ9.eyJzdWIiOiLRhNGC0LXRidGCIiwiaWF0IjoxNzQ3OTM2OTQ3LCJleHAiOjE3NDgwMjMzNDd9.wqYzQhHsqxGct5mhDlu5_8aOG3ds-EEX5JnhNPss9A4","receiver":"фтещт"}
2025-05-22 21:02:27.676 [main] DEBUG clientUtils.Console - Отправленный запрос на авторизацию
2025-05-22 21:02:27.676 [main] DEBUG clientUtils.Console - Авторизован
2025-05-22 21:02:27.677 [main] INFO  clientUtils.ConnectionManager - Отправлено на сервер: {"queryType":"DISCHARGE","message":"","args":{"sender":"","password":"щкуо"}}
2025-05-22 21:02:27.678 [main] INFO  clientUtils.ConnectionManager - Получено от сервера: {"answerType":"SYSTEM","message":"{\"commands\":{\"show\":\"Выводит все элементы коллекции\",\"add\":\"Adds a new element into the collection\",\"remove_by_id\":\"Удалить элемент по Id\",\"info\":\"Выводит информацию о коллекции\",\"update_by_id\":\"Обновляет значения элемента с указанным Id\",\"clear\":\"Очистить все элименты Коллекции\",\"filter_by_price\":\"Печатает элементы с указанной ценой\",\"filter_by_unitofmeasure\":\"Выводит элементы с совпадающим UnitOfMeasure\",\"filter_by_creationdate\":\"Группирует по дате создания\",\"remove_greater\":\"Удаляет из коллекции все элементы, размер которых превышает указанный\",\"remove_lower\":\"Удаляет из коллекции все элементы, размер которых превышает указанный\"},\"arguments\":{\"show\":\"{}\",\"add\":\"{\\\"product\\\":\\\"Product\\\"}\",\"remove_by_id\":\"{\\\"id\\\":\\\"Int\\\"}\",\"info\":\"{}\",\"update_by_id\":\"{\\\"id\\\":\\\"Int\\\",\\\"product\\\":\\\"Product\\\"}\",\"clear\":\"{}\",\"filter_by_price\":\"{\\\"price\\\":\\\"Int\\\"}\",\"filter_by_unitofmeasure\":\"{\\\"unitOfMeasure\\\":\\\"UnitOfMeasure\\\"}\",\"filter_by_creationdate\":\"{}\",\"remove_greater\":\"{\\\"product\\\":\\\"Product\\\"}\",\"remove_lower\":\"{\\\"product\\\":\\\"Product\\\"}\"}}","receiver":""}
2025-05-22 21:02:27.678 [main] DEBUG clientUtils.Console - Отправлен запрос на выгрузку
2025-05-22 21:02:27.679 [main] INFO  clientUtils.Console - Получены команды от сервера: [show, add, remove_by_id, info, update_by_id, clear, filter_by_price, filter_by_unitofmeasure, filter_by_creationdate, remove_greater, remove_lower]
2025-05-22 21:02:27.681 [main] DEBUG clientUtils.Console - Выгрузка базовых команд на сервер
2025-05-22 21:02:27.682 [main] INFO  clientUtils.ConnectionManager - Отправлено на сервер: {"queryType":"DISCHARGE","message":"","args":{"sender":"","password":"щкуо"}}
2025-05-22 21:02:27.683 [main] INFO  clientUtils.ConnectionManager - Получено от сервера: {"answerType":"SYSTEM","message":"{\"commands\":{\"show\":\"Выводит все элементы коллекции\",\"add\":\"Adds a new element into the collection\",\"remove_by_id\":\"Удалить элемент по Id\",\"info\":\"Выводит информацию о коллекции\",\"update_by_id\":\"Обновляет значения элемента с указанным Id\",\"clear\":\"Очистить все элименты Коллекции\",\"filter_by_price\":\"Печатает элементы с указанной ценой\",\"filter_by_unitofmeasure\":\"Выводит элементы с совпадающим UnitOfMeasure\",\"filter_by_creationdate\":\"Группирует по дате создания\",\"remove_greater\":\"Удаляет из коллекции все элементы, размер которых превышает указанный\",\"remove_lower\":\"Удаляет из коллекции все элементы, размер которых превышает указанный\"},\"arguments\":{\"show\":\"{}\",\"add\":\"{\\\"product\\\":\\\"Product\\\"}\",\"remove_by_id\":\"{\\\"id\\\":\\\"Int\\\"}\",\"info\":\"{}\",\"update_by_id\":\"{\\\"id\\\":\\\"Int\\\",\\\"product\\\":\\\"Product\\\"}\",\"clear\":\"{}\",\"filter_by_price\":\"{\\\"price\\\":\\\"Int\\\"}\",\"filter_by_unitofmeasure\":\"{\\\"unitOfMeasure\\\":\\\"UnitOfMeasure\\\"}\",\"filter_by_creationdate\":\"{}\",\"remove_greater\":\"{\\\"product\\\":\\\"Product\\\"}\",\"remove_lower\":\"{\\\"product\\\":\\\"Product\\\"}\"}}","receiver":""}
2025-05-22 21:02:27.683 [main] DEBUG clientUtils.Console - Отправлен запрос на выгрузку
2025-05-22 21:02:27.684 [main] INFO  clientUtils.Console - Получены команды от сервера: [show, add, remove_by_id, info, update_by_id, clear, filter_by_price, filter_by_unitofmeasure, filter_by_creationdate, remove_greater, remove_lower]
2025-05-22 21:02:27.684 [main] DEBUG clientUtils.Console - Выгрузка базовых команд на сервер
2025-05-22 21:02:39.681 [main] INFO  clientUtils.ConnectionManager - Отправлено на сервер: {"queryType":"COMMAND_READ","message":"add","args":{"sender":"","product":"{\"name\":\"12\",\"coordinates\":{\"x\":12,\"y\":12.0},\"price\":12,\"unitOfMeasure\":\"GRAMS\",\"manufacturer\":{\"id\":-114729816,\"name\":\"12\",\"employeesCount\":12,\"type\":\"PRIVATE_LIMITED_COMPANY\"}}"},"token":"eyJhbGciOiJIUzI1NiJ9.eyJzdWIiOiLRhNGC0LXRidGCIiwiaWF0IjoxNzQ3OTM2OTQ3LCJleHAiOjE3NDgwMjMzNDd9.wqYzQhHsqxGct5mhDlu5_8aOG3ds-EEX5JnhNPss9A4"}
2025-05-22 21:02:39.696 [main] INFO  clientUtils.ConnectionManager - Получено от сервера: {"answerType":"OK","message":"Product 12 был создан и добавлен в коллекцию","receiver":""}
2025-05-22 21:02:42.374 [main] INFO  clientUtils.ConnectionManager - Отправлено на сервер: {"queryType":"COMMAND_READ","message":"show","args":{"sender":""},"token":"eyJhbGciOiJIUzI1NiJ9.eyJzdWIiOiLRhNGC0LXRidGCIiwiaWF0IjoxNzQ3OTM2OTQ3LCJleHAiOjE3NDgwMjMzNDd9.wqYzQhHsqxGct5mhDlu5_8aOG3ds-EEX5JnhNPss9A4"}
2025-05-22 21:02:42.387 [main] INFO  clientUtils.ConnectionManager - Получено от сервера: {"answerType":"OK","message":"19=Product(\n  id=19,\n  name=12,\n  coordinates=Coordinates(x=12, y=12.0),\n  creationDate=2025-05-21,\n  price=12,\n  unitOfMeasure=MILLIGRAMS,\n  manufacturer=Organization(id=-114771138, name=12, employeesCount=12, type=PRIVATE_LIMITED_COMPANY)\n)\n20=Product(\n  id=20,\n  name=12,\n  coordinates=Coordinates(x=12, y=12.0),\n  creationDate=2025-05-22,\n  price=12,\n  unitOfMeasure=MILLIGRAMS,\n  manufacturer=Organization(id=-114754064, name=12, employeesCount=12, type=PRIVATE_LIMITED_COMPANY)\n)\n21=Product(\n  id=21,\n  name=12,\n  coordinates=Coordinates(x=12, y=12.0),\n  creationDate=2025-05-22,\n  price=12,\n  unitOfMeasure=GRAMS,\n  manufacturer=Organization(id=-114729816, name=12, employeesCount=12, type=PRIVATE_LIMITED_COMPANY)\n)","receiver":""}
2025-05-22 21:03:02.245 [main] INFO  clientUtils.ConnectionManager - Отправлено на сервер: {"queryType":"COMMAND_READ","message":"remove_by_id","args":{"sender":"","id":"1"},"token":"eyJhbGciOiJIUzI1NiJ9.eyJzdWIiOiJhc2RqZmRuc2YiLCJpYXQiOjE3NDc5MzY5MjUsImV4cCI6MTc0ODAyMzMyNX0.aALOcgtQT0WK7JvcT5wFVcQoItoiOtmUN_unY1LoAZ8"}
2025-05-22 21:03:02.251 [main] INFO  clientUtils.ConnectionManager - Получено от сервера: {"answerType":"ERROR","message":"Продукт с id: 1 не найден","receiver":""}
2025-05-22 21:03:04.831 [main] INFO  clientUtils.ConnectionManager - Отправлено на сервер: {"queryType":"COMMAND_READ","message":"show","args":{"sender":""},"token":"eyJhbGciOiJIUzI1NiJ9.eyJzdWIiOiJhc2RqZmRuc2YiLCJpYXQiOjE3NDc5MzY5MjUsImV4cCI6MTc0ODAyMzMyNX0.aALOcgtQT0WK7JvcT5wFVcQoItoiOtmUN_unY1LoAZ8"}
2025-05-22 21:03:04.837 [main] INFO  clientUtils.ConnectionManager - Получено от сервера: {"answerType":"OK","message":"19=Product(\n  id=19,\n  name=12,\n  coordinates=Coordinates(x=12, y=12.0),\n  creationDate=2025-05-21,\n  price=12,\n  unitOfMeasure=MILLIGRAMS,\n  manufacturer=Organization(id=-114771138, name=12, employeesCount=12, type=PRIVATE_LIMITED_COMPANY)\n)\n20=Product(\n  id=20,\n  name=12,\n  coordinates=Coordinates(x=12, y=12.0),\n  creationDate=2025-05-22,\n  price=12,\n  unitOfMeasure=MILLIGRAMS,\n  manufacturer=Organization(id=-114754064, name=12, employeesCount=12, type=PRIVATE_LIMITED_COMPANY)\n)\n21=Product(\n  id=21,\n  name=12,\n  coordinates=Coordinates(x=12, y=12.0),\n  creationDate=2025-05-22,\n  price=12,\n  unitOfMeasure=GRAMS,\n  manufacturer=Organization(id=-114729816, name=12, employeesCount=12, type=PRIVATE_LIMITED_COMPANY)\n)","receiver":""}
2025-05-22 21:03:21.707 [main] INFO  clientUtils.ConnectionManager - Отправлено на сервер: {"queryType":"COMMAND_READ","message":"remove_by_id","args":{"sender":"","id":"20"},"token":"eyJhbGciOiJIUzI1NiJ9.eyJzdWIiOiJhc2RqZmRuc2YiLCJpYXQiOjE3NDc5MzY5MjUsImV4cCI6MTc0ODAyMzMyNX0.aALOcgtQT0WK7JvcT5wFVcQoItoiOtmUN_unY1LoAZ8"}
2025-05-22 21:03:21.727 [main] INFO  clientUtils.ConnectionManager - Получено от сервера: {"answerType":"OK","message":"Продукт 12 был удален","receiver":""}
2025-05-22 21:03:27.773 [main] INFO  clientUtils.ConnectionManager - Отправлено на сервер: {"queryType":"COMMAND_READ","message":"remove_by_id","args":{"sender":"","id":"21"},"token":"eyJhbGciOiJIUzI1NiJ9.eyJzdWIiOiJhc2RqZmRuc2YiLCJpYXQiOjE3NDc5MzY5MjUsImV4cCI6MTc0ODAyMzMyNX0.aALOcgtQT0WK7JvcT5wFVcQoItoiOtmUN_unY1LoAZ8"}
2025-05-22 21:03:27.781 [main] INFO  clientUtils.ConnectionManager - Получено от сервера: {"answerType":"ERROR","message":"У вас нет разрешения на удаление этого элемента","receiver":""}
2025-05-22 21:03:32.027 [main] DEBUG clientUtils.ConnectionManager - Подключен к серверу по адресу localhost:3333
2025-05-22 21:03:32.028 [main] DEBUG clientUtils.Console - Подключение к серверу
2025-05-22 21:03:37.235 [main] INFO  clientUtils.ConnectionManager - Отправлено на сервер: {"queryType":"AUTHORIZATION","message":"","args":{"username":"admin","password":"admin"}}
2025-05-22 21:03:37.261 [main] INFO  clientUtils.ConnectionManager - Получено от сервера: {"answerType":"OK","message":"eyJhbGciOiJIUzI1NiJ9.eyJzdWIiOiJhZG1pbiIsImlhdCI6MTc0NzkzNzAxNywiZXhwIjoxNzQ4MDIzNDE3fQ.OsR4DaMLrSnwa0-URjkfNig4lWpkdwEvq8XS69-wwUo","receiver":"admin"}
2025-05-22 21:03:37.264 [main] DEBUG clientUtils.Console - Отправленный запрос на авторизацию
2025-05-22 21:03:37.264 [main] DEBUG clientUtils.Console - Авторизован
2025-05-22 21:03:37.267 [main] INFO  clientUtils.ConnectionManager - Отправлено на сервер: {"queryType":"DISCHARGE","message":"","args":{"sender":"","password":"щкуо"}}
2025-05-22 21:03:37.268 [main] INFO  clientUtils.ConnectionManager - Получено от сервера: {"answerType":"SYSTEM","message":"{\"commands\":{\"show\":\"Выводит все элементы коллекции\",\"add\":\"Adds a new element into the collection\",\"remove_by_id\":\"Удалить элемент по Id\",\"info\":\"Выводит информацию о коллекции\",\"update_by_id\":\"Обновляет значения элемента с указанным Id\",\"clear\":\"Очистить все элименты Коллекции\",\"filter_by_price\":\"Печатает элементы с указанной ценой\",\"filter_by_unitofmeasure\":\"Выводит элементы с совпадающим UnitOfMeasure\",\"filter_by_creationdate\":\"Группирует по дате создания\",\"remove_greater\":\"Удаляет из коллекции все элементы, размер которых превышает указанный\",\"remove_lower\":\"Удаляет из коллекции все элементы, размер которых превышает указанный\"},\"arguments\":{\"show\":\"{}\",\"add\":\"{\\\"product\\\":\\\"Product\\\"}\",\"remove_by_id\":\"{\\\"id\\\":\\\"Int\\\"}\",\"info\":\"{}\",\"update_by_id\":\"{\\\"id\\\":\\\"Int\\\",\\\"product\\\":\\\"Product\\\"}\",\"clear\":\"{}\",\"filter_by_price\":\"{\\\"price\\\":\\\"Int\\\"}\",\"filter_by_unitofmeasure\":\"{\\\"unitOfMeasure\\\":\\\"UnitOfMeasure\\\"}\",\"filter_by_creationdate\":\"{}\",\"remove_greater\":\"{\\\"product\\\":\\\"Product\\\"}\",\"remove_lower\":\"{\\\"product\\\":\\\"Product\\\"}\"}}","receiver":""}
2025-05-22 21:03:37.269 [main] DEBUG clientUtils.Console - Отправлен запрос на выгрузку
2025-05-22 21:03:37.270 [main] INFO  clientUtils.Console - Получены команды от сервера: [show, add, remove_by_id, info, update_by_id, clear, filter_by_price, filter_by_unitofmeasure, filter_by_creationdate, remove_greater, remove_lower]
2025-05-22 21:03:37.272 [main] DEBUG clientUtils.Console - Выгрузка базовых команд на сервер
2025-05-22 21:03:37.273 [main] INFO  clientUtils.ConnectionManager - Отправлено на сервер: {"queryType":"DISCHARGE","message":"","args":{"sender":"","password":"щкуо"}}
2025-05-22 21:03:37.274 [main] INFO  clientUtils.ConnectionManager - Получено от сервера: {"answerType":"SYSTEM","message":"{\"commands\":{\"show\":\"Выводит все элементы коллекции\",\"add\":\"Adds a new element into the collection\",\"remove_by_id\":\"Удалить элемент по Id\",\"info\":\"Выводит информацию о коллекции\",\"update_by_id\":\"Обновляет значения элемента с указанным Id\",\"clear\":\"Очистить все элименты Коллекции\",\"filter_by_price\":\"Печатает элементы с указанной ценой\",\"filter_by_unitofmeasure\":\"Выводит элементы с совпадающим UnitOfMeasure\",\"filter_by_creationdate\":\"Группирует по дате создания\",\"remove_greater\":\"Удаляет из коллекции все элементы, размер которых превышает указанный\",\"remove_lower\":\"Удаляет из коллекции все элементы, размер которых превышает указанный\"},\"arguments\":{\"show\":\"{}\",\"add\":\"{\\\"product\\\":\\\"Product\\\"}\",\"remove_by_id\":\"{\\\"id\\\":\\\"Int\\\"}\",\"info\":\"{}\",\"update_by_id\":\"{\\\"id\\\":\\\"Int\\\",\\\"product\\\":\\\"Product\\\"}\",\"clear\":\"{}\",\"filter_by_price\":\"{\\\"price\\\":\\\"Int\\\"}\",\"filter_by_unitofmeasure\":\"{\\\"unitOfMeasure\\\":\\\"UnitOfMeasure\\\"}\",\"filter_by_creationdate\":\"{}\",\"remove_greater\":\"{\\\"product\\\":\\\"Product\\\"}\",\"remove_lower\":\"{\\\"product\\\":\\\"Product\\\"}\"}}","receiver":""}
2025-05-22 21:03:37.274 [main] DEBUG clientUtils.Console - Отправлен запрос на выгрузку
2025-05-22 21:03:37.274 [main] INFO  clientUtils.Console - Получены команды от сервера: [show, add, remove_by_id, info, update_by_id, clear, filter_by_price, filter_by_unitofmeasure, filter_by_creationdate, remove_greater, remove_lower]
2025-05-22 21:03:37.274 [main] DEBUG clientUtils.Console - Выгрузка базовых команд на сервер
2025-05-22 21:03:40.167 [main] INFO  clientUtils.ConnectionManager - Отправлено на сервер: {"queryType":"COMMAND_READ","message":"show","args":{"sender":""},"token":"eyJhbGciOiJIUzI1NiJ9.eyJzdWIiOiJhZG1pbiIsImlhdCI6MTc0NzkzNzAxNywiZXhwIjoxNzQ4MDIzNDE3fQ.OsR4DaMLrSnwa0-URjkfNig4lWpkdwEvq8XS69-wwUo"}
2025-05-22 21:03:40.172 [main] INFO  clientUtils.ConnectionManager - Получено от сервера: {"answerType":"OK","message":"19=Product(\n  id=19,\n  name=12,\n  coordinates=Coordinates(x=12, y=12.0),\n  creationDate=2025-05-21,\n  price=12,\n  unitOfMeasure=MILLIGRAMS,\n  manufacturer=Organization(id=-114771138, name=12, employeesCount=12, type=PRIVATE_LIMITED_COMPANY)\n)\n21=Product(\n  id=21,\n  name=12,\n  coordinates=Coordinates(x=12, y=12.0),\n  creationDate=2025-05-22,\n  price=12,\n  unitOfMeasure=GRAMS,\n  manufacturer=Organization(id=-114729816, name=12, employeesCount=12, type=PRIVATE_LIMITED_COMPANY)\n)","receiver":""}
2025-05-22 21:03:42.420 [main] INFO  clientUtils.ConnectionManager - Отправлено на сервер: {"queryType":"COMMAND_READ","message":"clear","args":{"sender":""},"token":"eyJhbGciOiJIUzI1NiJ9.eyJzdWIiOiJhZG1pbiIsImlhdCI6MTc0NzkzNzAxNywiZXhwIjoxNzQ4MDIzNDE3fQ.OsR4DaMLrSnwa0-URjkfNig4lWpkdwEvq8XS69-wwUo"}
2025-05-22 21:03:42.448 [main] INFO  clientUtils.ConnectionManager - Получено от сервера: {"answerType":"OK","message":"Коллекция была очищена","receiver":""}
2025-05-22 21:03:44.201 [main] INFO  clientUtils.ConnectionManager - Отправлено на сервер: {"queryType":"COMMAND_READ","message":"show","args":{"sender":""},"token":"eyJhbGciOiJIUzI1NiJ9.eyJzdWIiOiJhZG1pbiIsImlhdCI6MTc0NzkzNzAxNywiZXhwIjoxNzQ4MDIzNDE3fQ.OsR4DaMLrSnwa0-URjkfNig4lWpkdwEvq8XS69-wwUo"}
2025-05-22 21:03:44.207 [main] INFO  clientUtils.ConnectionManager - Получено от сервера: {"answerType":"OK","message":"Коллекция пуста","receiver":""}
2025-05-22 21:03:47.889 [main] INFO  clientUtils.ConnectionManager - Отправлено на сервер: {"queryType":"COMMAND_READ","message":"show","args":{"sender":""},"token":"eyJhbGciOiJIUzI1NiJ9.eyJzdWIiOiJhc2RqZmRuc2YiLCJpYXQiOjE3NDc5MzY5MjUsImV4cCI6MTc0ODAyMzMyNX0.aALOcgtQT0WK7JvcT5wFVcQoItoiOtmUN_unY1LoAZ8"}
2025-05-22 21:03:47.893 [main] INFO  clientUtils.ConnectionManager - Получено от сервера: {"answerType":"OK","message":"Коллекция пуста","receiver":""}
2025-05-22 21:03:51.798 [main] INFO  clientUtils.ConnectionManager - Отправлено на сервер: {"queryType":"COMMAND_READ","message":"show","args":{"sender":""},"token":"eyJhbGciOiJIUzI1NiJ9.eyJzdWIiOiLRhNGC0LXRidGCIiwiaWF0IjoxNzQ3OTM2OTQ3LCJleHAiOjE3NDgwMjMzNDd9.wqYzQhHsqxGct5mhDlu5_8aOG3ds-EEX5JnhNPss9A4"}
2025-05-22 21:03:51.803 [main] INFO  clientUtils.ConnectionManager - Получено от сервера: {"answerType":"OK","message":"Коллекция пуста","receiver":""}
